#
# There is insufficient memory for the Java Runtime Environment to continue.
# Native memory allocation (malloc) failed to allocate 176160768 bytes for committing reserved memory.
# Possible reasons:
#   The system is out of physical RAM or swap space
#   In 32 bit mode, the process size limit was hit
# Possible solutions:
#   Reduce memory load on the system
#   Increase physical memory or swap space
#   Check if swap backing store is full
#   Use 64 bit Java on a 64 bit OS
#   Decrease Java heap size (-Xmx/-Xms)
#   Decrease number of Java threads
#   Decrease Java thread stack sizes (-Xss)
#   Set larger code cache with -XX:ReservedCodeCacheSize=
# This output file may be truncated or incomplete.
#
#  Out of Memory Error (os_linux.cpp:2827), pid=28400, tid=140095003571968
#
# JRE version: OpenJDK Runtime Environment (7.0_101) (build 1.7.0_101-b00)
# Java VM: OpenJDK 64-Bit Server VM (24.95-b01 mixed mode linux-amd64 compressed oops)
# Derivative: IcedTea 2.6.6
# Distribution: Debian GNU/Linux 8.2 (jessie), package 7u101-2.6.6-1~deb8u1
# Failed to write core dump. Core dumps have been disabled. To enable core dumping, try "ulimit -c unlimited" before starting Java again
#

---------------  T H R E A D  ---------------

Current thread (0x00007f6a7407e800):  VMThread [stack: 0x00007f6a68dc3000,0x00007f6a68ec4000] [id=28413]

Stack: [0x00007f6a68dc3000,0x00007f6a68ec4000],  sp=0x00007f6a68ec24e0,  free space=1021k
Native frames: (J=compiled Java code, j=interpreted, Vv=VM code, C=native code)
V  [libjvm.so+0x9893b6]
V  [libjvm.so+0x493832]
V  [libjvm.so+0x7fb2db]
V  [libjvm.so+0x7f59be]
V  [libjvm.so+0x86937b]
V  [libjvm.so+0x86a233]
V  [libjvm.so+0x86a94b]
V  [libjvm.so+0x8662b1]
V  [libjvm.so+0x866b28]
V  [libjvm.so+0x81e603]
V  [libjvm.so+0x98ac82]
V  [libjvm.so+0x98f107]
V  [libjvm.so+0x98d87b]
V  [libjvm.so+0x98df26]
V  [libjvm.so+0x98e3f1]
V  [libjvm.so+0x7f8202]

VM_Operation (0x00007f6a5a667f50): ParallelGCFailedAllocation, mode: safepoint, requested by thread 0x00007f6a741a0800


---------------  P R O C E S S  ---------------

Java Threads: ( => current thread )
  0x00007f6a741a2000 JavaThread "pool-2-thread-4" [_thread_blocked, id=28425, stack(0x00007f6a5a468000,0x00007f6a5a569000)]
  0x00007f6a741a0800 JavaThread "pool-2-thread-3" [_thread_blocked, id=28424, stack(0x00007f6a5a569000,0x00007f6a5a66a000)]
  0x00007f6a7419f000 JavaThread "pool-2-thread-2" [_thread_blocked, id=28423, stack(0x00007f6a5a66a000,0x00007f6a5a76b000)]
  0x00007f6a7419e000 JavaThread "pool-3-thread-1" [_thread_blocked, id=28422, stack(0x00007f6a5a76b000,0x00007f6a5a86c000)]
  0x00007f6a7419c000 JavaThread "pool-2-thread-1" [_thread_blocked, id=28421, stack(0x00007f6a5a86c000,0x00007f6a5a96d000)]
  0x00007f6a740b9000 JavaThread "Service Thread" daemon [_thread_blocked, id=28419, stack(0x00007f6a68634000,0x00007f6a68735000)]
  0x00007f6a740b7000 JavaThread "C2 CompilerThread1" daemon [_thread_blocked, id=28418, stack(0x00007f6a68735000,0x00007f6a68836000)]
  0x00007f6a740b4000 JavaThread "C2 CompilerThread0" daemon [_thread_blocked, id=28417, stack(0x00007f6a68836000,0x00007f6a68937000)]
  0x00007f6a740b2000 JavaThread "Signal Dispatcher" daemon [_thread_blocked, id=28416, stack(0x00007f6a68937000,0x00007f6a68a38000)]
  0x00007f6a74085000 JavaThread "Finalizer" daemon [_thread_blocked, id=28415, stack(0x00007f6a68bc1000,0x00007f6a68cc2000)]
  0x00007f6a74083000 JavaThread "Reference Handler" daemon [_thread_blocked, id=28414, stack(0x00007f6a68cc2000,0x00007f6a68dc3000)]
  0x00007f6a7400a800 JavaThread "main" [_thread_blocked, id=28404, stack(0x00007f6a7c57e000,0x00007f6a7c67f000)]

Other Threads:
=>0x00007f6a7407e800 VMThread [stack: 0x00007f6a68dc3000,0x00007f6a68ec4000] [id=28413]
  0x00007f6a740c3800 WatcherThread [stack: 0x00007f6a68533000,0x00007f6a68634000] [id=28420]

VM state:at safepoint (normal execution)

VM Mutex/Monitor currently owned by a thread:  ([mutex/lock_event])
[0x00007f6a74006ba0] Threads_lock - owner thread: 0x00007f6a7407e800
[0x00007f6a740070a0] Heap_lock - owner thread: 0x00007f6a741a0800

Heap
 PSYoungGen      total 134144K, used 5115K [0x00000000eaa80000, 0x00000000f3280000, 0x0000000100000000)
  eden space 129024K, 0% used [0x00000000eaa80000,0x00000000eaa80000,0x00000000f2880000)
  from space 5120K, 99% used [0x00000000f2880000,0x00000000f2d7edc0,0x00000000f2d80000)
  to   space 5120K, 0% used [0x00000000f2d80000,0x00000000f2d80000,0x00000000f3280000)
 ParOldGen       total 84480K, used 43609K [0x00000000c0000000, 0x00000000c5280000, 0x00000000eaa80000)
  object space 84480K, 51% used [0x00000000c0000000,0x00000000c2a96460,0x00000000c5280000)
 PSPermGen       total 21504K, used 6439K [0x00000000b5a00000, 0x00000000b6f00000, 0x00000000c0000000)
  object space 21504K, 29% used [0x00000000b5a00000,0x00000000b6049ec0,0x00000000b6f00000)

Card table byte_map: [0x00007f6a78f47000,0x00007f6a7919b000] byte_map_base: 0x00007f6a7899a000

Polling page: 0x00007f6a7c69f000

Code Cache  [0x00007f6a71000000, 0x00007f6a71270000, 0x00007f6a74000000)
 total_blobs=584 nmethods=353 adapters=184 free_code_cache=47501Kb largest_free_block=48590528

Compilation events (10 events):
Event: 6.256 Thread 0x00007f6a740b4000 nmethod 355 0x00007f6a711a1990 code [0x00007f6a711a1c60, 0x00007f6a711a29c0]
Event: 6.256 Thread 0x00007f6a740b4000  356             com.android.dx.ssa.LiteralOpUpgrader$1::visitNonMoveInsn (203 bytes)
Event: 6.266 Thread 0x00007f6a740b4000 nmethod 356 0x00007f6a711a47d0 code [0x00007f6a711a4aa0, 0x00007f6a711a5610]
Event: 6.266 Thread 0x00007f6a740b4000  357             com.android.dx.ssa.LiteralOpUpgrader::tryReplacingWithConstant (161 bytes)
Event: 6.302 Thread 0x00007f6a740b4000 nmethod 357 0x00007f6a711a6690 code [0x00007f6a711a6960, 0x00007f6a711a76e0]
Event: 6.302 Thread 0x00007f6a740b4000  358             com.android.dx.util.Bits::or (24 bytes)
Event: 6.304 Thread 0x00007f6a740b4000 nmethod 358 0x00007f6a7117e510 code [0x00007f6a7117e640, 0x00007f6a7117e738]
Event: 6.304 Thread 0x00007f6a740b4000  359             java.util.HashMap$Entry::<init> (26 bytes)
Event: 6.304 Thread 0x00007f6a740b4000 nmethod 359 0x00007f6a710b2f90 code [0x00007f6a710b30c0, 0x00007f6a710b3138]
Event: 6.304 Thread 0x00007f6a740b4000  360             java.util.HashMap::addEntry (69 bytes)

GC Heap History (9 events):
Event: 1.525 GC heap before
{Heap before GC invocations=1 (full 0):
 PSYoungGen      total 37376K, used 32256K [0x00000000eaa80000, 0x00000000ed400000, 0x0000000100000000)
  eden space 32256K, 100% used [0x00000000eaa80000,0x00000000eca00000,0x00000000eca00000)
  from space 5120K, 0% used [0x00000000ecf00000,0x00000000ecf00000,0x00000000ed400000)
  to   space 5120K, 0% used [0x00000000eca00000,0x00000000eca00000,0x00000000ecf00000)
 ParOldGen       total 84480K, used 0K [0x00000000c0000000, 0x00000000c5280000, 0x00000000eaa80000)
  object space 84480K, 0% used [0x00000000c0000000,0x00000000c0000000,0x00000000c5280000)
 PSPermGen       total 21504K, used 6120K [0x00000000b5a00000, 0x00000000b6f00000, 0x00000000c0000000)
  object space 21504K, 28% used [0x00000000b5a00000,0x00000000b5ffa2b0,0x00000000b6f00000)
Event: 1.549 GC heap after
Heap after GC invocations=1 (full 0):
 PSYoungGen      total 37376K, used 5095K [0x00000000eaa80000, 0x00000000ef380000, 0x0000000100000000)
  eden space 32256K, 0% used [0x00000000eaa80000,0x00000000eaa80000,0x00000000eca00000)
  from space 5120K, 99% used [0x00000000eca00000,0x00000000ecef9fa8,0x00000000ecf00000)
  to   space 5120K, 0% used [0x00000000eee80000,0x00000000eee80000,0x00000000ef380000)
 ParOldGen       total 84480K, used 563K [0x00000000c0000000, 0x00000000c5280000, 0x00000000eaa80000)
  object space 84480K, 0% used [0x00000000c0000000,0x00000000c008cff8,0x00000000c5280000)
 PSPermGen       total 21504K, used 6120K [0x00000000b5a00000, 0x00000000b6f00000, 0x00000000c0000000)
  object space 21504K, 28% used [0x00000000b5a00000,0x00000000b5ffa2b0,0x00000000b6f00000)
}
Event: 2.482 GC heap before
{Heap before GC invocations=2 (full 0):
 PSYoungGen      total 37376K, used 37351K [0x00000000eaa80000, 0x00000000ef380000, 0x0000000100000000)
  eden space 32256K, 100% used [0x00000000eaa80000,0x00000000eca00000,0x00000000eca00000)
  from space 5120K, 99% used [0x00000000eca00000,0x00000000ecef9fa8,0x00000000ecf00000)
  to   space 5120K, 0% used [0x00000000eee80000,0x00000000eee80000,0x00000000ef380000)
 ParOldGen       total 84480K, used 563K [0x00000000c0000000, 0x00000000c5280000, 0x00000000eaa80000)
  object space 84480K, 0% used [0x00000000c0000000,0x00000000c008cff8,0x00000000c5280000)
 PSPermGen       total 21504K, used 6250K [0x00000000b5a00000, 0x00000000b6f00000, 0x00000000c0000000)
  object space 21504K, 29% used [0x00000000b5a00000,0x00000000b601a930,0x00000000b6f00000)
Event: 2.551 GC heap after
Heap after GC invocations=2 (full 0):
 PSYoungGen      total 69632K, used 5104K [0x00000000eaa80000, 0x00000000ef380000, 0x0000000100000000)
  eden space 64512K, 0% used [0x00000000eaa80000,0x00000000eaa80000,0x00000000ee980000)
  from space 5120K, 99% used [0x00000000eee80000,0x00000000ef37c038,0x00000000ef380000)
  to   space 5120K, 0% used [0x00000000ee980000,0x00000000ee980000,0x00000000eee80000)
 ParOldGen       total 84480K, used 4298K [0x00000000c0000000, 0x00000000c5280000, 0x00000000eaa80000)
  object space 84480K, 5% used [0x00000000c0000000,0x00000000c0432838,0x00000000c5280000)
 PSPermGen       total 21504K, used 6250K [0x00000000b5a00000, 0x00000000b6f00000, 0x00000000c0000000)
  object space 21504K, 29% used [0x00000000b5a00000,0x00000000b601a930,0x00000000b6f00000)
}
Event: 3.896 GC heap before
{Heap before GC invocations=3 (full 0):
 PSYoungGen      total 69632K, used 69616K [0x00000000eaa80000, 0x00000000ef380000, 0x0000000100000000)
  eden space 64512K, 100% used [0x00000000eaa80000,0x00000000ee980000,0x00000000ee980000)
  from space 5120K, 99% used [0x00000000eee80000,0x00000000ef37c038,0x00000000ef380000)
  to   space 5120K, 0% used [0x00000000ee980000,0x00000000ee980000,0x00000000eee80000)
 ParOldGen       total 84480K, used 4298K [0x00000000c0000000, 0x00000000c5280000, 0x00000000eaa80000)
  object space 84480K, 5% used [0x00000000c0000000,0x00000000c0432838,0x00000000c5280000)
 PSPermGen       total 21504K, used 6324K [0x00000000b5a00000, 0x00000000b6f00000, 0x00000000c0000000)
  object space 21504K, 29% used [0x00000000b5a00000,0x00000000b602d088,0x00000000b6f00000)
Event: 3.967 GC heap after
Heap after GC invocations=3 (full 0):
 PSYoungGen      total 69632K, used 5109K [0x00000000eaa80000, 0x00000000f3280000, 0x0000000100000000)
  eden space 64512K, 0% used [0x00000000eaa80000,0x00000000eaa80000,0x00000000ee980000)
  from space 5120K, 99% used [0x00000000ee980000,0x00000000eee7d7e8,0x00000000eee80000)
  to   space 5120K, 0% used [0x00000000f2d80000,0x00000000f2d80000,0x00000000f3280000)
 ParOldGen       total 84480K, used 14031K [0x00000000c0000000, 0x00000000c5280000, 0x00000000eaa80000)
  object space 84480K, 16% used [0x00000000c0000000,0x00000000c0db3d70,0x00000000c5280000)
 PSPermGen       total 21504K, used 6324K [0x00000000b5a00000, 0x00000000b6f00000, 0x00000000c0000000)
  object space 21504K, 29% used [0x00000000b5a00000,0x00000000b602d088,0x00000000b6f00000)
}
Event: 4.905 GC heap before
{Heap before GC invocations=4 (full 0):
 PSYoungGen      total 69632K, used 69621K [0x00000000eaa80000, 0x00000000f3280000, 0x0000000100000000)
  eden space 64512K, 100% used [0x00000000eaa80000,0x00000000ee980000,0x00000000ee980000)
  from space 5120K, 99% used [0x00000000ee980000,0x00000000eee7d7e8,0x00000000eee80000)
  to   space 5120K, 0% used [0x00000000f2d80000,0x00000000f2d80000,0x00000000f3280000)
 ParOldGen       total 84480K, used 14031K [0x00000000c0000000, 0x00000000c5280000, 0x00000000eaa80000)
  object space 84480K, 16% used [0x00000000c0000000,0x00000000c0db3d70,0x00000000c5280000)
 PSPermGen       total 21504K, used 6358K [0x00000000b5a00000, 0x00000000b6f00000, 0x00000000c0000000)
  object space 21504K, 29% used [0x00000000b5a00000,0x00000000b6035a48,0x00000000b6f00000)
Event: 4.959 GC heap after
Heap after GC invocations=4 (full 0):
 PSYoungGen      total 134144K, used 5097K [0x00000000eaa80000, 0x00000000f3280000, 0x0000000100000000)
  eden space 129024K, 0% used [0x00000000eaa80000,0x00000000eaa80000,0x00000000f2880000)
  from space 5120K, 99% used [0x00000000f2d80000,0x00000000f327a468,0x00000000f3280000)
  to   space 5120K, 0% used [0x00000000f2880000,0x00000000f2880000,0x00000000f2d80000)
 ParOldGen       total 84480K, used 24743K [0x00000000c0000000, 0x00000000c5280000, 0x00000000eaa80000)
  object space 84480K, 29% used [0x00000000c0000000,0x00000000c1829f90,0x00000000c5280000)
 PSPermGen       total 21504K, used 6358K [0x00000000b5a00000, 0x00000000b6f00000, 0x00000000c0000000)
  object space 21504K, 29% used [0x00000000b5a00000,0x00000000b6035a48,0x00000000b6f00000)
}
Event: 6.325 GC heap before
{Heap before GC invocations=5 (full 0):
 PSYoungGen      total 134144K, used 134121K [0x00000000eaa80000, 0x00000000f3280000, 0x0000000100000000)
  eden space 129024K, 100% used [0x00000000eaa80000,0x00000000f2880000,0x00000000f2880000)
  from space 5120K, 99% used [0x00000000f2d80000,0x00000000f327a468,0x00000000f3280000)
  to   space 5120K, 0% used [0x00000000f2880000,0x00000000f2880000,0x00000000f2d80000)
 ParOldGen       total 84480K, used 24743K [0x00000000c0000000, 0x00000000c5280000, 0x00000000eaa80000)
  object space 84480K, 29% used [0x00000000c0000000,0x00000000c1829f90,0x00000000c5280000)
 PSPermGen       total 21504K, used 6439K [0x00000000b5a00000, 0x00000000b6f00000, 0x00000000c0000000)
  object space 21504K, 29% used [0x00000000b5a00000,0x00000000b6049ec0,0x00000000b6f00000)

Deoptimization events (10 events):
Event: 1.088 Thread 0x00007f6a741a2000 Uncommon trap: reason=class_check action=maybe_recompile pc=0x00007f6a710795f4 method=com.android.dx.ssa.NormalSsaInsn.accept(Lcom/android/dx/ssa/SsaInsn$Visitor;)V @ 9
Event: 1.098 Thread 0x00007f6a741a0800 Uncommon trap: reason=unstable_if action=reinterpret pc=0x00007f6a71080674 method=com.android.dx.rop.code.RegisterSpecSet.put(Lcom/android/dx/rop/code/RegisterSpec;)V @ 77
Event: 1.241 Thread 0x00007f6a7419c000 Uncommon trap: reason=unstable_if action=reinterpret pc=0x00007f6a71082374 method=com.android.dx.ssa.SsaRenamer$BlockRenamer.addMapping(ILcom/android/dx/rop/code/RegisterSpec;)V @ 120
Event: 1.277 Thread 0x00007f6a7419c000 Uncommon trap: reason=class_check action=maybe_recompile pc=0x00007f6a710795f4 method=com.android.dx.ssa.NormalSsaInsn.accept(Lcom/android/dx/ssa/SsaInsn$Visitor;)V @ 9
Event: 2.053 Thread 0x00007f6a7419c000 Uncommon trap: reason=null_check action=make_not_entrant pc=0x00007f6a710ad978 method=com.android.dx.ssa.SsaRenamer.getLocalForNewReg(I)Lcom/android/dx/rop/code/LocalItem; @ 19
Event: 2.053 Thread 0x00007f6a7419c000 Uncommon trap: reason=null_check action=make_not_entrant pc=0x00007f6a710b27ac method=com.android.dx.ssa.SsaRenamer.getLocalForNewReg(I)Lcom/android/dx/rop/code/LocalItem; @ 19
Event: 2.288 Thread 0x00007f6a7419c000 Uncommon trap: reason=unstable_if action=reinterpret pc=0x00007f6a710cd4fc method=com.android.dx.ssa.SsaRenamer$BlockRenamer.process()V @ 90
Event: 2.691 Thread 0x00007f6a7400a800 Uncommon trap: reason=unstable_if action=reinterpret pc=0x00007f6a71095844 method=com.android.dx.rop.cst.Constant.compareTo(Lcom/android/dx/rop/cst/Constant;)I @ 12
Event: 3.714 Thread 0x00007f6a741a0800 Uncommon trap: reason=unstable_if action=reinterpret pc=0x00007f6a7108b308 method=com.android.dx.rop.code.RegisterSpec.equals(ILcom/android/dx/rop/type/TypeBearer;Lcom/android/dx/rop/code/LocalItem;)Z @ 42
Event: 5.772 Thread 0x00007f6a741a2000 Uncommon trap: reason=null_check action=make_not_entrant pc=0x00007f6a71187fc0 method=com.android.dx.cf.code.Ropper$CatchInfo.getSetup(Lcom/android/dx/rop/type/Type;)Lcom/android/dx/cf/code/Ropper$ExceptionHandlerSetup; @ 10

Internal exceptions (10 events):
Event: 1.063 Thread 0x00007f6a7400a800 Threw 0x00000000ebc48a50 at /home/jmm/jdk4/openjdk-7-7u101-2.6.6/build/openjdk/hotspot/src/share/vm/prims/jvm.cpp:1322
Event: 2.053 Thread 0x00007f6a7419c000 Implicit null exception at 0x00007f6a710acce0 to 0x00007f6a710ad95d
Event: 2.053 Thread 0x00007f6a7419c000 Implicit null exception at 0x00007f6a710b1c56 to 0x00007f6a710b2795
Event: 2.184 Thread 0x00007f6a7400a800 Threw 0x00000000ebca0380 at /home/jmm/jdk4/openjdk-7-7u101-2.6.6/build/openjdk/hotspot/src/share/vm/prims/jvm.cpp:1322
Event: 2.184 Thread 0x00007f6a7400a800 Threw 0x00000000ebca2eb8 at /home/jmm/jdk4/openjdk-7-7u101-2.6.6/build/openjdk/hotspot/src/share/vm/prims/jvm.cpp:1322
Event: 2.185 Thread 0x00007f6a7400a800 Threw 0x00000000ebcad9c8 at /home/jmm/jdk4/openjdk-7-7u101-2.6.6/build/openjdk/hotspot/src/share/vm/prims/jvm.cpp:1322
Event: 2.185 Thread 0x00007f6a7400a800 Threw 0x00000000ebcb0790 at /home/jmm/jdk4/openjdk-7-7u101-2.6.6/build/openjdk/hotspot/src/share/vm/prims/jvm.cpp:1322
Event: 4.017 Thread 0x00007f6a7400a800 Threw 0x00000000eaed0808 at /home/jmm/jdk4/openjdk-7-7u101-2.6.6/build/openjdk/hotspot/src/share/vm/prims/jvm.cpp:1322
Event: 4.466 Thread 0x00007f6a7400a800 Threw 0x00000000ecbf6958 at /home/jmm/jdk4/openjdk-7-7u101-2.6.6/build/openjdk/hotspot/src/share/vm/prims/jvm.cpp:1322
Event: 5.772 Thread 0x00007f6a741a2000 Implicit null exception at 0x00007f6a711834e5 to 0x00007f6a71187f79

Events (10 events):
Event: 4.959 Executing VM operation: ParallelGCFailedAllocation done
Event: 4.981 Thread 0x00007f6a740b4000 flushing nmethod 0x00007f6a71079290
Event: 4.992 Thread 0x00007f6a740b7000 flushing nmethod 0x00007f6a71081d50
Event: 5.772 Thread 0x00007f6a741a2000 Uncommon trap: trap_request=0xfffffff4 fr.pc=0x00007f6a71187fc0
Event: 5.772 Thread 0x00007f6a741a2000 DEOPT PACKING pc=0x00007f6a71187fc0 sp=0x00007f6a5a5672e0
Event: 5.772 Thread 0x00007f6a741a2000 DEOPT UNPACKING pc=0x00007f6a71039445 sp=0x00007f6a5a567248 mode 2
Event: 6.148 Thread 0x00007f6a740b4000 flushing nmethod 0x00007f6a710ac7d0
Event: 6.148 Thread 0x00007f6a740b4000 flushing nmethod 0x00007f6a710b1810
Event: 6.162 Thread 0x00007f6a740b4000 flushing nmethod 0x00007f6a710cc2d0
Event: 6.314 Executing VM operation: ParallelGCFailedAllocation


Dynamic libraries:
00400000-00401000 r-xp 00000000 08:01 656873                             /usr/lib/jvm/java-7-openjdk-amd64/jre/bin/java
00600000-00601000 r--p 00000000 08:01 656873                             /usr/lib/jvm/java-7-openjdk-amd64/jre/bin/java
00601000-00602000 rw-p 00001000 08:01 656873                             /usr/lib/jvm/java-7-openjdk-amd64/jre/bin/java
01dd2000-01df3000 rw-p 00000000 00:00 0                                  [heap]
b5a00000-b6f00000 rw-p 00000000 00:00 0 
b6f00000-c0000000 rw-p 00000000 00:00 0 
c0000000-c5280000 rw-p 00000000 00:00 0 
c5280000-eaa80000 rw-p 00000000 00:00 0 
eaa80000-f3280000 rw-p 00000000 00:00 0 
fda80000-100000000 rw-p 00000000 00:00 0 
7f6a0c000000-7f6a0c021000 rw-p 00000000 00:00 0 
7f6a0c021000-7f6a10000000 ---p 00000000 00:00 0 
7f6a10000000-7f6a1002e000 rw-p 00000000 00:00 0 
7f6a1002e000-7f6a14000000 ---p 00000000 00:00 0 
7f6a14000000-7f6a14021000 rw-p 00000000 00:00 0 
7f6a14021000-7f6a18000000 ---p 00000000 00:00 0 
7f6a18000000-7f6a18021000 rw-p 00000000 00:00 0 
7f6a18021000-7f6a1c000000 ---p 00000000 00:00 0 
7f6a1c000000-7f6a1c021000 rw-p 00000000 00:00 0 
7f6a1c021000-7f6a20000000 ---p 00000000 00:00 0 
7f6a20000000-7f6a20040000 rw-p 00000000 00:00 0 
7f6a20040000-7f6a24000000 ---p 00000000 00:00 0 
7f6a24000000-7f6a257a2000 rw-p 00000000 00:00 0 
7f6a257a2000-7f6a28000000 ---p 00000000 00:00 0 
7f6a28000000-7f6a28021000 rw-p 00000000 00:00 0 
7f6a28021000-7f6a2c000000 ---p 00000000 00:00 0 
7f6a2c000000-7f6a2c021000 rw-p 00000000 00:00 0 
7f6a2c021000-7f6a30000000 ---p 00000000 00:00 0 
7f6a30000000-7f6a317f8000 rw-p 00000000 00:00 0 
7f6a317f8000-7f6a34000000 ---p 00000000 00:00 0 
7f6a34000000-7f6a34021000 rw-p 00000000 00:00 0 
7f6a34021000-7f6a38000000 ---p 00000000 00:00 0 
7f6a38000000-7f6a38021000 rw-p 00000000 00:00 0 
7f6a38021000-7f6a3c000000 ---p 00000000 00:00 0 
7f6a3c000000-7f6a3c021000 rw-p 00000000 00:00 0 
7f6a3c021000-7f6a40000000 ---p 00000000 00:00 0 
7f6a44000000-7f6a44021000 rw-p 00000000 00:00 0 
7f6a44021000-7f6a48000000 ---p 00000000 00:00 0 
7f6a48000000-7f6a48021000 rw-p 00000000 00:00 0 
7f6a48021000-7f6a4c000000 ---p 00000000 00:00 0 
7f6a4c000000-7f6a4c021000 rw-p 00000000 00:00 0 
7f6a4c021000-7f6a50000000 ---p 00000000 00:00 0 
7f6a54000000-7f6a54021000 rw-p 00000000 00:00 0 
7f6a54021000-7f6a58000000 ---p 00000000 00:00 0 
7f6a5a468000-7f6a5a46b000 ---p 00000000 00:00 0 
7f6a5a46b000-7f6a5a569000 rw-p 00000000 00:00 0                          [stack:28425]
7f6a5a569000-7f6a5a56c000 ---p 00000000 00:00 0 
7f6a5a56c000-7f6a5a66a000 rw-p 00000000 00:00 0                          [stack:28424]
7f6a5a66a000-7f6a5a66d000 ---p 00000000 00:00 0 
7f6a5a66d000-7f6a5a76b000 rw-p 00000000 00:00 0                          [stack:28423]
7f6a5a76b000-7f6a5a76e000 ---p 00000000 00:00 0 
7f6a5a76e000-7f6a5a86c000 rw-p 00000000 00:00 0                          [stack:28422]
7f6a5a86c000-7f6a5a86f000 ---p 00000000 00:00 0 
7f6a5a86f000-7f6a5ac6e000 rw-p 00000000 00:00 0                          [stack:28421]
7f6a5ac6e000-7f6a5acda000 r-xp 00000000 08:01 2883641                    /lib/x86_64-linux-gnu/libpcre.so.3.13.1
7f6a5acda000-7f6a5aeda000 ---p 0006c000 08:01 2883641                    /lib/x86_64-linux-gnu/libpcre.so.3.13.1
7f6a5aeda000-7f6a5aedb000 r--p 0006c000 08:01 2883641                    /lib/x86_64-linux-gnu/libpcre.so.3.13.1
7f6a5aedb000-7f6a5aedc000 rw-p 0006d000 08:01 2883641                    /lib/x86_64-linux-gnu/libpcre.so.3.13.1
7f6a5aedc000-7f6a5aee3000 r-xp 00000000 08:01 397886                     /usr/lib/x86_64-linux-gnu/libffi.so.6.0.2
7f6a5aee3000-7f6a5b0e2000 ---p 00007000 08:01 397886                     /usr/lib/x86_64-linux-gnu/libffi.so.6.0.2
7f6a5b0e2000-7f6a5b0e3000 r--p 00006000 08:01 397886                     /usr/lib/x86_64-linux-gnu/libffi.so.6.0.2
7f6a5b0e3000-7f6a5b0e4000 rw-p 00007000 08:01 397886                     /usr/lib/x86_64-linux-gnu/libffi.so.6.0.2
7f6a5b0e4000-7f6a5b0f8000 r-xp 00000000 08:01 2884601                    /lib/x86_64-linux-gnu/libresolv-2.19.so
7f6a5b0f8000-7f6a5b2f7000 ---p 00014000 08:01 2884601                    /lib/x86_64-linux-gnu/libresolv-2.19.so
7f6a5b2f7000-7f6a5b2f8000 r--p 00013000 08:01 2884601                    /lib/x86_64-linux-gnu/libresolv-2.19.so
7f6a5b2f8000-7f6a5b2f9000 rw-p 00014000 08:01 2884601                    /lib/x86_64-linux-gnu/libresolv-2.19.so
7f6a5b2f9000-7f6a5b2fb000 rw-p 00000000 00:00 0 
7f6a5b2fb000-7f6a5b31c000 r-xp 00000000 08:01 2883683                    /lib/x86_64-linux-gnu/libselinux.so.1
7f6a5b31c000-7f6a5b51c000 ---p 00021000 08:01 2883683                    /lib/x86_64-linux-gnu/libselinux.so.1
7f6a5b51c000-7f6a5b51d000 r--p 00021000 08:01 2883683                    /lib/x86_64-linux-gnu/libselinux.so.1
7f6a5b51d000-7f6a5b51e000 rw-p 00022000 08:01 2883683                    /lib/x86_64-linux-gnu/libselinux.so.1
7f6a5b51e000-7f6a5b520000 rw-p 00000000 00:00 0 
7f6a5b520000-7f6a5b523000 r-xp 00000000 08:01 400243                     /usr/lib/x86_64-linux-gnu/libgmodule-2.0.so.0.4200.1
7f6a5b523000-7f6a5b722000 ---p 00003000 08:01 400243                     /usr/lib/x86_64-linux-gnu/libgmodule-2.0.so.0.4200.1
7f6a5b722000-7f6a5b723000 r--p 00002000 08:01 400243                     /usr/lib/x86_64-linux-gnu/libgmodule-2.0.so.0.4200.1
7f6a5b723000-7f6a5b724000 rw-p 00003000 08:01 400243                     /usr/lib/x86_64-linux-gnu/libgmodule-2.0.so.0.4200.1
7f6a5b724000-7f6a5b830000 r-xp 00000000 08:01 2883647                    /lib/x86_64-linux-gnu/libglib-2.0.so.0.4200.1
7f6a5b830000-7f6a5ba30000 ---p 0010c000 08:01 2883647                    /lib/x86_64-linux-gnu/libglib-2.0.so.0.4200.1
7f6a5ba30000-7f6a5ba31000 r--p 0010c000 08:01 2883647                    /lib/x86_64-linux-gnu/libglib-2.0.so.0.4200.1
7f6a5ba31000-7f6a5ba32000 rw-p 0010d000 08:01 2883647                    /lib/x86_64-linux-gnu/libglib-2.0.so.0.4200.1
7f6a5ba32000-7f6a5ba33000 rw-p 00000000 00:00 0 
7f6a5ba33000-7f6a5ba84000 r-xp 00000000 08:01 400240                     /usr/lib/x86_64-linux-gnu/libgobject-2.0.so.0.4200.1
7f6a5ba84000-7f6a5bc84000 ---p 00051000 08:01 400240                     /usr/lib/x86_64-linux-gnu/libgobject-2.0.so.0.4200.1
7f6a5bc84000-7f6a5bc85000 r--p 00051000 08:01 400240                     /usr/lib/x86_64-linux-gnu/libgobject-2.0.so.0.4200.1
7f6a5bc85000-7f6a5bc86000 rw-p 00052000 08:01 400240                     /usr/lib/x86_64-linux-gnu/libgobject-2.0.so.0.4200.1
7f6a5bc86000-7f6a5bdf8000 r-xp 00000000 08:01 400245                     /usr/lib/x86_64-linux-gnu/libgio-2.0.so.0.4200.1
7f6a5bdf8000-7f6a5bff8000 ---p 00172000 08:01 400245                     /usr/lib/x86_64-linux-gnu/libgio-2.0.so.0.4200.1
7f6a5bff8000-7f6a5bffc000 r--p 00172000 08:01 400245                     /usr/lib/x86_64-linux-gnu/libgio-2.0.so.0.4200.1
7f6a5bffc000-7f6a5bffe000 rw-p 00176000 08:01 400245                     /usr/lib/x86_64-linux-gnu/libgio-2.0.so.0.4200.1
7f6a5bffe000-7f6a5c000000 rw-p 00000000 00:00 0 
7f6a5c000000-7f6a5c021000 rw-p 00000000 00:00 0 
7f6a5c021000-7f6a60000000 ---p 00000000 00:00 0 
7f6a60000000-7f6a60021000 rw-p 00000000 00:00 0 
7f6a60021000-7f6a64000000 ---p 00000000 00:00 0 
7f6a64000000-7f6a64021000 rw-p 00000000 00:00 0 
7f6a64021000-7f6a68000000 ---p 00000000 00:00 0 
7f6a680f9000-7f6a68111000 r-xp 00000000 08:01 530137                     /usr/lib/jvm/java-7-openjdk-amd64/jre/lib/amd64/libnet.so
7f6a68111000-7f6a68310000 ---p 00018000 08:01 530137                     /usr/lib/jvm/java-7-openjdk-amd64/jre/lib/amd64/libnet.so
7f6a68310000-7f6a68311000 r--p 00017000 08:01 530137                     /usr/lib/jvm/java-7-openjdk-amd64/jre/lib/amd64/libnet.so
7f6a68311000-7f6a68312000 rw-p 00018000 08:01 530137                     /usr/lib/jvm/java-7-openjdk-amd64/jre/lib/amd64/libnet.so
7f6a68312000-7f6a68323000 r-xp 00000000 08:01 530073                     /usr/lib/jvm/java-7-openjdk-amd64/jre/lib/amd64/libnio.so
7f6a68323000-7f6a68522000 ---p 00011000 08:01 530073                     /usr/lib/jvm/java-7-openjdk-amd64/jre/lib/amd64/libnio.so
7f6a68522000-7f6a68523000 r--p 00010000 08:01 530073                     /usr/lib/jvm/java-7-openjdk-amd64/jre/lib/amd64/libnio.so
7f6a68523000-7f6a68524000 rw-p 00011000 08:01 530073                     /usr/lib/jvm/java-7-openjdk-amd64/jre/lib/amd64/libnio.so
7f6a68524000-7f6a68533000 r--s 000df000 08:02 134779                     /home/baniel/UsefulTools/AndroidStudio/AndroidSDK/build-tools/23.0.2/lib/dx.jar
7f6a68533000-7f6a68534000 ---p 00000000 00:00 0 
7f6a68534000-7f6a68634000 rw-p 00000000 00:00 0                          [stack:28420]
7f6a68634000-7f6a68637000 ---p 00000000 00:00 0 
7f6a68637000-7f6a68735000 rw-p 00000000 00:00 0                          [stack:28419]
7f6a68735000-7f6a68738000 ---p 00000000 00:00 0 
7f6a68738000-7f6a68836000 rw-p 00000000 00:00 0                          [stack:28418]
7f6a68836000-7f6a68839000 ---p 00000000 00:00 0 
7f6a68839000-7f6a68937000 rw-p 00000000 00:00 0                          [stack:28417]
7f6a68937000-7f6a6893a000 ---p 00000000 00:00 0 
7f6a6893a000-7f6a68a38000 rw-p 00000000 00:00 0                          [stack:28416]
7f6a68a38000-7f6a68bc1000 r--p 00000000 08:01 398770                     /usr/lib/locale/locale-archive
7f6a68bc1000-7f6a68bc4000 ---p 00000000 00:00 0 
7f6a68bc4000-7f6a68cc2000 rw-p 00000000 00:00 0                          [stack:28415]
7f6a68cc2000-7f6a68cc5000 ---p 00000000 00:00 0 
7f6a68cc5000-7f6a68dc3000 rw-p 00000000 00:00 0                          [stack:28414]
7f6a68dc3000-7f6a68dc4000 ---p 00000000 00:00 0 
7f6a68dc4000-7f6a6c000000 rw-p 00000000 00:00 0                          [stack:28413]
7f6a6c000000-7f6a6c021000 rw-p 00000000 00:00 0 
7f6a6c021000-7f6a70000000 ---p 00000000 00:00 0 
7f6a7000a000-7f6a71000000 rw-p 00000000 00:00 0 
7f6a71000000-7f6a71270000 rwxp 00000000 00:00 0 
7f6a71270000-7f6a741de000 rw-p 00000000 00:00 0 
7f6a741de000-7f6a78000000 ---p 00000000 00:00 0 
7f6a78000000-7f6a7800d000 r--s 000f7000 08:16 15658120                   /media/baniel/bc0cc5aa-0e52-40d8-a05b-365939955998/baniel/AndroidStudioProjects/SensorCollector/app/libs/protobuf-java-3.0.0-beta-2.jar
7f6a7800d000-7f6a78098000 rw-p 00000000 00:00 0 
7f6a78098000-7f6a7824a000 r--s 01d32000 08:01 529981                     /usr/lib/jvm/java-7-openjdk-amd64/jre/lib/rt.jar
7f6a7824a000-7f6a78596000 rw-p 00000000 00:00 0 
7f6a78596000-7f6a78597000 ---p 00000000 00:00 0 
7f6a78597000-7f6a78697000 rw-p 00000000 00:00 0                          [stack:28412]
7f6a78697000-7f6a78698000 ---p 00000000 00:00 0 
7f6a78698000-7f6a78798000 rw-p 00000000 00:00 0                          [stack:28411]
7f6a78798000-7f6a78799000 ---p 00000000 00:00 0 
7f6a78799000-7f6a78899000 rw-p 00000000 00:00 0                          [stack:28410]
7f6a78899000-7f6a7889a000 ---p 00000000 00:00 0 
7f6a7889a000-7f6a7899a000 rw-p 00000000 00:00 0                          [stack:28409]
7f6a7899a000-7f6a7899b000 ---p 00000000 00:00 0 
7f6a7899b000-7f6a78a9b000 rw-p 00000000 00:00 0                          [stack:28408]
7f6a78a9b000-7f6a78a9c000 ---p 00000000 00:00 0 
7f6a78a9c000-7f6a78b9c000 rw-p 00000000 00:00 0                          [stack:28407]
7f6a78b9c000-7f6a78b9d000 ---p 00000000 00:00 0 
7f6a78b9d000-7f6a78c9d000 rw-p 00000000 00:00 0                          [stack:28406]
7f6a78c9d000-7f6a78c9e000 ---p 00000000 00:00 0 
7f6a78c9e000-7f6a78da9000 rw-p 00000000 00:00 0                          [stack:28405]
7f6a78da9000-7f6a78df1000 rw-p 00000000 00:00 0 
7f6a78df1000-7f6a78e1b000 rw-p 00000000 00:00 0 
7f6a78e1b000-7f6a78f47000 rw-p 00000000 00:00 0 
7f6a78f47000-7f6a78f52000 rw-p 00000000 00:00 0 
7f6a78f52000-7f6a78f9a000 rw-p 00000000 00:00 0 
7f6a78f9a000-7f6a78fc4000 rw-p 00000000 00:00 0 
7f6a78fc4000-7f6a790ef000 rw-p 00000000 00:00 0 
7f6a790ef000-7f6a79134000 rw-p 00000000 00:00 0 
7f6a79134000-7f6a7919a000 rw-p 00000000 00:00 0 
7f6a7919a000-7f6a7919b000 rw-p 00000000 00:00 0 
7f6a7919b000-7f6a791a3000 r-xp 00000000 08:01 530053                     /usr/lib/jvm/java-7-openjdk-amd64/jre/lib/amd64/libzip.so
7f6a791a3000-7f6a793a2000 ---p 00008000 08:01 530053                     /usr/lib/jvm/java-7-openjdk-amd64/jre/lib/amd64/libzip.so
7f6a793a2000-7f6a793a3000 r--p 00007000 08:01 530053                     /usr/lib/jvm/java-7-openjdk-amd64/jre/lib/amd64/libzip.so
7f6a793a3000-7f6a793a4000 rw-p 00008000 08:01 530053                     /usr/lib/jvm/java-7-openjdk-amd64/jre/lib/amd64/libzip.so
7f6a793a4000-7f6a793af000 r-xp 00000000 08:01 2884596                    /lib/x86_64-linux-gnu/libnss_files-2.19.so
7f6a793af000-7f6a795ae000 ---p 0000b000 08:01 2884596                    /lib/x86_64-linux-gnu/libnss_files-2.19.so
7f6a795ae000-7f6a795af000 r--p 0000a000 08:01 2884596                    /lib/x86_64-linux-gnu/libnss_files-2.19.so
7f6a795af000-7f6a795b0000 rw-p 0000b000 08:01 2884596                    /lib/x86_64-linux-gnu/libnss_files-2.19.so
7f6a795b0000-7f6a795ba000 r-xp 00000000 08:01 2884598                    /lib/x86_64-linux-gnu/libnss_nis-2.19.so
7f6a795ba000-7f6a797b9000 ---p 0000a000 08:01 2884598                    /lib/x86_64-linux-gnu/libnss_nis-2.19.so
7f6a797b9000-7f6a797ba000 r--p 00009000 08:01 2884598                    /lib/x86_64-linux-gnu/libnss_nis-2.19.so
7f6a797ba000-7f6a797bb000 rw-p 0000a000 08:01 2884598                    /lib/x86_64-linux-gnu/libnss_nis-2.19.so
7f6a797bb000-7f6a797d0000 r-xp 00000000 08:01 2884593                    /lib/x86_64-linux-gnu/libnsl-2.19.so
7f6a797d0000-7f6a799cf000 ---p 00015000 08:01 2884593                    /lib/x86_64-linux-gnu/libnsl-2.19.so
7f6a799cf000-7f6a799d0000 r--p 00014000 08:01 2884593                    /lib/x86_64-linux-gnu/libnsl-2.19.so
7f6a799d0000-7f6a799d1000 rw-p 00015000 08:01 2884593                    /lib/x86_64-linux-gnu/libnsl-2.19.so
7f6a799d1000-7f6a799d3000 rw-p 00000000 00:00 0 
7f6a799d3000-7f6a799da000 r-xp 00000000 08:01 2884594                    /lib/x86_64-linux-gnu/libnss_compat-2.19.so
7f6a799da000-7f6a79bd9000 ---p 00007000 08:01 2884594                    /lib/x86_64-linux-gnu/libnss_compat-2.19.so
7f6a79bd9000-7f6a79bda000 r--p 00006000 08:01 2884594                    /lib/x86_64-linux-gnu/libnss_compat-2.19.so
7f6a79bda000-7f6a79bdb000 rw-p 00007000 08:01 2884594                    /lib/x86_64-linux-gnu/libnss_compat-2.19.so
7f6a79bdb000-7f6a79c08000 r-xp 00000000 08:01 530173                     /usr/lib/jvm/java-7-openjdk-amd64/jre/lib/amd64/libjava.so
7f6a79c08000-7f6a79e07000 ---p 0002d000 08:01 530173                     /usr/lib/jvm/java-7-openjdk-amd64/jre/lib/amd64/libjava.so
7f6a79e07000-7f6a79e08000 r--p 0002c000 08:01 530173                     /usr/lib/jvm/java-7-openjdk-amd64/jre/lib/amd64/libjava.so
7f6a79e08000-7f6a79e0a000 rw-p 0002d000 08:01 530173                     /usr/lib/jvm/java-7-openjdk-amd64/jre/lib/amd64/libjava.so
7f6a79e0a000-7f6a79e19000 r-xp 00000000 08:01 530037                     /usr/lib/jvm/java-7-openjdk-amd64/jre/lib/amd64/libverify.so
7f6a79e19000-7f6a7a018000 ---p 0000f000 08:01 530037                     /usr/lib/jvm/java-7-openjdk-amd64/jre/lib/amd64/libverify.so
7f6a7a018000-7f6a7a01b000 r--p 0000e000 08:01 530037                     /usr/lib/jvm/java-7-openjdk-amd64/jre/lib/amd64/libverify.so
7f6a7a01b000-7f6a7a01c000 rw-p 00011000 08:01 530037                     /usr/lib/jvm/java-7-openjdk-amd64/jre/lib/amd64/libverify.so
7f6a7a01c000-7f6a7a023000 r-xp 00000000 08:01 2884602                    /lib/x86_64-linux-gnu/librt-2.19.so
7f6a7a023000-7f6a7a222000 ---p 00007000 08:01 2884602                    /lib/x86_64-linux-gnu/librt-2.19.so
7f6a7a222000-7f6a7a223000 r--p 00006000 08:01 2884602                    /lib/x86_64-linux-gnu/librt-2.19.so
7f6a7a223000-7f6a7a224000 rw-p 00007000 08:01 2884602                    /lib/x86_64-linux-gnu/librt-2.19.so
7f6a7a224000-7f6a7a23a000 r-xp 00000000 08:01 2883588                    /lib/x86_64-linux-gnu/libgcc_s.so.1
7f6a7a23a000-7f6a7a439000 ---p 00016000 08:01 2883588                    /lib/x86_64-linux-gnu/libgcc_s.so.1
7f6a7a439000-7f6a7a43a000 rw-p 00015000 08:01 2883588                    /lib/x86_64-linux-gnu/libgcc_s.so.1
7f6a7a43a000-7f6a7a53a000 r-xp 00000000 08:01 2884591                    /lib/x86_64-linux-gnu/libm-2.19.so
7f6a7a53a000-7f6a7a739000 ---p 00100000 08:01 2884591                    /lib/x86_64-linux-gnu/libm-2.19.so
7f6a7a739000-7f6a7a73a000 r--p 000ff000 08:01 2884591                    /lib/x86_64-linux-gnu/libm-2.19.so
7f6a7a73a000-7f6a7a73b000 rw-p 00100000 08:01 2884591                    /lib/x86_64-linux-gnu/libm-2.19.so
7f6a7a73b000-7f6a7a827000 r-xp 00000000 08:01 398278                     /usr/lib/x86_64-linux-gnu/libstdc++.so.6.0.20
7f6a7a827000-7f6a7aa27000 ---p 000ec000 08:01 398278                     /usr/lib/x86_64-linux-gnu/libstdc++.so.6.0.20
7f6a7aa27000-7f6a7aa2f000 r--p 000ec000 08:01 398278                     /usr/lib/x86_64-linux-gnu/libstdc++.so.6.0.20
7f6a7aa2f000-7f6a7aa31000 rw-p 000f4000 08:01 398278                     /usr/lib/x86_64-linux-gnu/libstdc++.so.6.0.20
7f6a7aa31000-7f6a7aa46000 rw-p 00000000 00:00 0 
7f6a7aa46000-7f6a7b59d000 r-xp 00000000 08:01 530081                     /usr/lib/jvm/java-7-openjdk-amd64/jre/lib/amd64/server/libjvm.so
7f6a7b59d000-7f6a7b79d000 ---p 00b57000 08:01 530081                     /usr/lib/jvm/java-7-openjdk-amd64/jre/lib/amd64/server/libjvm.so
7f6a7b79d000-7f6a7b83c000 r--p 00b57000 08:01 530081                     /usr/lib/jvm/java-7-openjdk-amd64/jre/lib/amd64/server/libjvm.so
7f6a7b83c000-7f6a7b85f000 rw-p 00bf6000 08:01 530081                     /usr/lib/jvm/java-7-openjdk-amd64/jre/lib/amd64/server/libjvm.so
7f6a7b85f000-7f6a7b88d000 rw-p 00000000 00:00 0 
7f6a7b88d000-7f6a7b8a7000 r-xp 00000000 08:01 2883684                    /lib/x86_64-linux-gnu/libz.so.1.2.8
7f6a7b8a7000-7f6a7baa6000 ---p 0001a000 08:01 2883684                    /lib/x86_64-linux-gnu/libz.so.1.2.8
7f6a7baa6000-7f6a7baa7000 r--p 00019000 08:01 2883684                    /lib/x86_64-linux-gnu/libz.so.1.2.8
7f6a7baa7000-7f6a7baa8000 rw-p 0001a000 08:01 2883684                    /lib/x86_64-linux-gnu/libz.so.1.2.8
7f6a7baa8000-7f6a7bc4a000 r-xp 00000000 08:01 2884582                    /lib/x86_64-linux-gnu/libc-2.19.so
7f6a7bc4a000-7f6a7be49000 ---p 001a2000 08:01 2884582                    /lib/x86_64-linux-gnu/libc-2.19.so
7f6a7be49000-7f6a7be4d000 r--p 001a1000 08:01 2884582                    /lib/x86_64-linux-gnu/libc-2.19.so
7f6a7be4d000-7f6a7be4f000 rw-p 001a5000 08:01 2884582                    /lib/x86_64-linux-gnu/libc-2.19.so
7f6a7be4f000-7f6a7be53000 rw-p 00000000 00:00 0 
7f6a7be53000-7f6a7be56000 r-xp 00000000 08:01 2884590                    /lib/x86_64-linux-gnu/libdl-2.19.so
7f6a7be56000-7f6a7c055000 ---p 00003000 08:01 2884590                    /lib/x86_64-linux-gnu/libdl-2.19.so
7f6a7c055000-7f6a7c056000 r--p 00002000 08:01 2884590                    /lib/x86_64-linux-gnu/libdl-2.19.so
7f6a7c056000-7f6a7c057000 rw-p 00003000 08:01 2884590                    /lib/x86_64-linux-gnu/libdl-2.19.so
7f6a7c057000-7f6a7c064000 r-xp 00000000 08:01 530045                     /usr/lib/jvm/java-7-openjdk-amd64/jre/lib/amd64/jli/libjli.so
7f6a7c064000-7f6a7c263000 ---p 0000d000 08:01 530045                     /usr/lib/jvm/java-7-openjdk-amd64/jre/lib/amd64/jli/libjli.so
7f6a7c263000-7f6a7c264000 r--p 0000c000 08:01 530045                     /usr/lib/jvm/java-7-openjdk-amd64/jre/lib/amd64/jli/libjli.so
7f6a7c264000-7f6a7c265000 rw-p 0000d000 08:01 530045                     /usr/lib/jvm/java-7-openjdk-amd64/jre/lib/amd64/jli/libjli.so
7f6a7c265000-7f6a7c27d000 r-xp 00000000 08:01 2883878                    /lib/x86_64-linux-gnu/libpthread-2.19.so
7f6a7c27d000-7f6a7c47c000 ---p 00018000 08:01 2883878                    /lib/x86_64-linux-gnu/libpthread-2.19.so
7f6a7c47c000-7f6a7c47d000 r--p 00017000 08:01 2883878                    /lib/x86_64-linux-gnu/libpthread-2.19.so
7f6a7c47d000-7f6a7c47e000 rw-p 00018000 08:01 2883878                    /lib/x86_64-linux-gnu/libpthread-2.19.so
7f6a7c47e000-7f6a7c482000 rw-p 00000000 00:00 0 
7f6a7c482000-7f6a7c4a2000 r-xp 00000000 08:01 2883880                    /lib/x86_64-linux-gnu/ld-2.19.so
7f6a7c4a2000-7f6a7c4a6000 r--s 00085000 08:01 530017                     /usr/lib/jvm/java-7-openjdk-amd64/jre/lib/ext/localedata.jar
7f6a7c4a6000-7f6a7c4c8000 rw-p 00000000 00:00 0 
7f6a7c4c8000-7f6a7c57e000 rw-p 00000000 00:00 0 
7f6a7c57e000-7f6a7c581000 ---p 00000000 00:00 0 
7f6a7c581000-7f6a7c684000 rw-p 00000000 00:00 0                          [stack:28404]
7f6a7c685000-7f6a7c686000 rw-p 00000000 00:00 0 
7f6a7c686000-7f6a7c68a000 r--s 0003c000 08:01 530029                     /usr/lib/jvm/java-7-openjdk-amd64/jre/lib/ext/sunpkcs11.jar
7f6a7c68a000-7f6a7c68b000 r--s 00002000 08:01 530021                     /usr/lib/jvm/java-7-openjdk-amd64/jre/lib/ext/dnsns.jar
7f6a7c68b000-7f6a7c68f000 r--s 00034000 08:01 530033                     /usr/lib/jvm/java-7-openjdk-amd64/jre/lib/ext/sunjce_provider.jar
7f6a7c68f000-7f6a7c692000 r--s 0000f000 08:01 530025                     /usr/lib/jvm/java-7-openjdk-amd64/jre/lib/ext/icedtea-sound.jar
7f6a7c692000-7f6a7c694000 r--s 00012000 08:01 530013                     /usr/lib/jvm/java-7-openjdk-amd64/jre/lib/ext/zipfs.jar
7f6a7c694000-7f6a7c696000 r--s 00006000 08:01 656987                     /usr/share/java/java-atk-wrapper.jar
7f6a7c696000-7f6a7c69e000 rw-s 00000000 08:01 667202                     /tmp/hsperfdata_baniel/28400
7f6a7c69e000-7f6a7c69f000 rw-p 00000000 00:00 0 
7f6a7c69f000-7f6a7c6a0000 ---p 00000000 00:00 0 
7f6a7c6a0000-7f6a7c6a2000 rw-p 00000000 00:00 0 
7f6a7c6a2000-7f6a7c6a3000 r--p 00020000 08:01 2883880                    /lib/x86_64-linux-gnu/ld-2.19.so
7f6a7c6a3000-7f6a7c6a4000 rw-p 00021000 08:01 2883880                    /lib/x86_64-linux-gnu/ld-2.19.so
7f6a7c6a4000-7f6a7c6a5000 rw-p 00000000 00:00 0 
7ffc83f1d000-7ffc83f3e000 rw-p 00000000 00:00 0                          [stack]
7ffc83fd0000-7ffc83fd2000 r-xp 00000000 00:00 0                          [vdso]
7ffc83fd2000-7ffc83fd4000 r--p 00000000 00:00 0                          [vvar]
ffffffffff600000-ffffffffff601000 r-xp 00000000 00:00 0                  [vsyscall]

VM Arguments:
jvm_args: -Djava.awt.headless=true -Xmx1024M -Dfile.encoding=UTF-8 -Duser.country=US -Duser.language=en -Duser.variant 
java_command: com.android.dx.command.Main --dex --force-jumbo --num-threads=4 --multi-dex --output /media/baniel/bc0cc5aa-0e52-40d8-a05b-365939955998/baniel/AndroidStudioProjects/SensorCollector/app/build/intermediates/transforms/dex/debug/folders/1000/2/protobuf-java-3.0.0-beta-2_e2320c69a1fb6c2242089c660fc1ad563a23785c /media/baniel/bc0cc5aa-0e52-40d8-a05b-365939955998/baniel/AndroidStudioProjects/SensorCollector/app/libs/protobuf-java-3.0.0-beta-2.jar
Launcher Type: SUN_STANDARD

Environment Variables:
PATH=/home/baniel/bin:/usr/local/bin:/usr/bin:/bin:/usr/local/games:/usr/games
LD_LIBRARY_PATH=/home/baniel/UsefulTools/AndroidStudio/android-studio/bin:
SHELL=/bin/bash
DISPLAY=:0

Signal Handlers:
SIGSEGV: [libjvm.so+0x989ea0], sa_mask[0]=0x7ffbfeff, sa_flags=0x10000004
SIGBUS: [libjvm.so+0x989ea0], sa_mask[0]=0x7ffbfeff, sa_flags=0x10000004
SIGFPE: [libjvm.so+0x7f6820], sa_mask[0]=0x7ffbfeff, sa_flags=0x10000004
SIGPIPE: [libjvm.so+0x7f6820], sa_mask[0]=0x7ffbfeff, sa_flags=0x10000004
SIGXFSZ: [libjvm.so+0x7f6820], sa_mask[0]=0x7ffbfeff, sa_flags=0x10000004
SIGILL: [libjvm.so+0x7f6820], sa_mask[0]=0x7ffbfeff, sa_flags=0x10000004
SIGUSR1: SIG_DFL, sa_mask[0]=0x00000000, sa_flags=0x00000000
SIGUSR2: [libjvm.so+0x7f66a0], sa_mask[0]=0x00000004, sa_flags=0x10000004
SIGHUP: [libjvm.so+0x7f68a0], sa_mask[0]=0x7ffbfeff, sa_flags=0x10000004
SIGINT: [libjvm.so+0x7f68a0], sa_mask[0]=0x7ffbfeff, sa_flags=0x10000004
SIGTERM: [libjvm.so+0x7f68a0], sa_mask[0]=0x7ffbfeff, sa_flags=0x10000004
SIGQUIT: [libjvm.so+0x7f68a0], sa_mask[0]=0x7ffbfeff, sa_flags=0x10000004
SIGTRAP: SIG_DFL, sa_mask[0]=0x00000000, sa_flags=0x00000000


---------------  S Y S T E M  ---------------

OS:8.4

uname:Linux 3.16.0-4-amd64 #1 SMP Debian 3.16.7-ckt25-2 (2016-04-08) x86_64
libc:glibc 2.19 NPTL 2.19 
rlimit: STACK 8192k, CORE 0k, NPROC 31646, NOFILE 65536, AS infinity
load average:3.21 1.47 0.94

/proc/meminfo:
MemTotal:        8118512 kB
MemFree:          120744 kB
MemAvailable:      90188 kB
Buffers:            1212 kB
Cached:           318364 kB
SwapCached:            0 kB
Active:          7434984 kB
Inactive:         282924 kB
Active(anon):    7400608 kB
Inactive(anon):   253976 kB
Active(file):      34376 kB
Inactive(file):    28948 kB
Unevictable:          32 kB
Mlocked:              32 kB
SwapTotal:             0 kB
SwapFree:              0 kB
Dirty:               160 kB
Writeback:             0 kB
AnonPages:       7398440 kB
Mapped:           341704 kB
Shmem:            256252 kB
Slab:              97052 kB
SReclaimable:      44504 kB
SUnreclaim:        52548 kB
KernelStack:       15424 kB
PageTables:        79440 kB
NFS_Unstable:          0 kB
Bounce:                0 kB
WritebackTmp:          0 kB
CommitLimit:     4059256 kB
Committed_AS:   15141644 kB
VmallocTotal:   34359738367 kB
VmallocUsed:      118728 kB
VmallocChunk:   34359617020 kB
HardwareCorrupted:     0 kB
AnonHugePages:         0 kB
HugePages_Total:       0
HugePages_Free:        0
HugePages_Rsvd:        0
HugePages_Surp:        0
Hugepagesize:       2048 kB
DirectMap4k:     1496084 kB
DirectMap2M:     6815744 kB
DirectMap1G:           0 kB


CPU:total 8 (4 cores per cpu, 2 threads per core) family 6 model 60 stepping 3, cmov, cx8, fxsr, mmx, sse, sse2, sse3, ssse3, sse4.1, sse4.2, popcnt, avx, avx2, aes, erms, ht, tsc, tscinvbit

/proc/cpuinfo:
processor	: 0
vendor_id	: GenuineIntel
cpu family	: 6
model		: 60
model name	: Intel(R) Core(TM) i7-4770 CPU @ 3.40GHz
stepping	: 3
microcode	: 0x17
cpu MHz		: 3700.023
cache size	: 8192 KB
physical id	: 0
siblings	: 8
core id		: 0
cpu cores	: 4
apicid		: 0
initial apicid	: 0
fpu		: yes
fpu_exception	: yes
cpuid level	: 13
wp		: yes
flags		: fpu vme de pse tsc msr pae mce cx8 apic sep mtrr pge mca cmov pat pse36 clflush dts acpi mmx fxsr sse sse2 ss ht tm pbe syscall nx pdpe1gb rdtscp lm constant_tsc arch_perfmon pebs bts rep_good nopl xtopology nonstop_tsc aperfmperf eagerfpu pni pclmulqdq dtes64 monitor ds_cpl vmx smx est tm2 ssse3 fma cx16 xtpr pdcm pcid sse4_1 sse4_2 x2apic movbe popcnt tsc_deadline_timer aes xsave avx f16c rdrand lahf_lm abm ida arat epb xsaveopt pln pts dtherm tpr_shadow vnmi flexpriority ept vpid fsgsbase tsc_adjust bmi1 hle avx2 smep bmi2 erms invpcid rtm
bogomips	: 6784.20
clflush size	: 64
cache_alignment	: 64
address sizes	: 39 bits physical, 48 bits virtual
power management:

processor	: 1
vendor_id	: GenuineIntel
cpu family	: 6
model		: 60
model name	: Intel(R) Core(TM) i7-4770 CPU @ 3.40GHz
stepping	: 3
microcode	: 0x17
cpu MHz		: 3700.023
cache size	: 8192 KB
physical id	: 0
siblings	: 8
core id		: 1
cpu cores	: 4
apicid		: 2
initial apicid	: 2
fpu		: yes
fpu_exception	: yes
cpuid level	: 13
wp		: yes
flags		: fpu vme de pse tsc msr pae mce cx8 apic sep mtrr pge mca cmov pat pse36 clflush dts acpi mmx fxsr sse sse2 ss ht tm pbe syscall nx pdpe1gb rdtscp lm constant_tsc arch_perfmon pebs bts rep_good nopl xtopology nonstop_tsc aperfmperf eagerfpu pni pclmulqdq dtes64 monitor ds_cpl vmx smx est tm2 ssse3 fma cx16 xtpr pdcm pcid sse4_1 sse4_2 x2apic movbe popcnt tsc_deadline_timer aes xsave avx f16c rdrand lahf_lm abm ida arat epb xsaveopt pln pts dtherm tpr_shadow vnmi flexpriority ept vpid fsgsbase tsc_adjust bmi1 hle avx2 smep bmi2 erms invpcid rtm
bogomips	: 6784.20
clflush size	: 64
cache_alignment	: 64
address sizes	: 39 bits physical, 48 bits virtual
power management:

processor	: 2
vendor_id	: GenuineIntel
cpu family	: 6
model		: 60
model name	: Intel(R) Core(TM) i7-4770 CPU @ 3.40GHz
stepping	: 3
microcode	: 0x17
cpu MHz		: 3700.023
cache size	: 8192 KB
physical id	: 0
siblings	: 8
core id		: 2
cpu cores	: 4
apicid		: 4
initial apicid	: 4
fpu		: yes
fpu_exception	: yes
cpuid level	: 13
wp		: yes
flags		: fpu vme de pse tsc msr pae mce cx8 apic sep mtrr pge mca cmov pat pse36 clflush dts acpi mmx fxsr sse sse2 ss ht tm pbe syscall nx pdpe1gb rdtscp lm constant_tsc arch_perfmon pebs bts rep_good nopl xtopology nonstop_tsc aperfmperf eagerfpu pni pclmulqdq dtes64 monitor ds_cpl vmx smx est tm2 ssse3 fma cx16 xtpr pdcm pcid sse4_1 sse4_2 x2apic movbe popcnt tsc_deadline_timer aes xsave avx f16c rdrand lahf_lm abm ida arat epb xsaveopt pln pts dtherm tpr_shadow vnmi flexpriority ept vpid fsgsbase tsc_adjust bmi1 hle avx2 smep bmi2 erms invpcid rtm
bogomips	: 6784.20
clflush size	: 64
cache_alignment	: 64
address sizes	: 39 bits physical, 48 bits virtual
power management:

processor	: 3
vendor_id	: GenuineIntel
cpu family	: 6
model		: 60
model name	: Intel(R) Core(TM) i7-4770 CPU @ 3.40GHz
stepping	: 3
microcode	: 0x17
cpu MHz		: 3700.023
cache size	: 8192 KB
physical id	: 0
siblings	: 8
core id		: 3
cpu cores	: 4
apicid		: 6
initial apicid	: 6
fpu		: yes
fpu_exception	: yes
cpuid level	: 13
wp		: yes
flags		: fpu vme de pse tsc msr pae mce cx8 apic sep mtrr pge mca cmov pat pse36 clflush dts acpi mmx fxsr sse sse2 ss ht tm pbe syscall nx pdpe1gb rdtscp lm constant_tsc arch_perfmon pebs bts rep_good nopl xtopology nonstop_tsc aperfmperf eagerfpu pni pclmulqdq dtes64 monitor ds_cpl vmx smx est tm2 ssse3 fma cx16 xtpr pdcm pcid sse4_1 sse4_2 x2apic movbe popcnt tsc_deadline_timer aes xsave avx f16c rdrand lahf_lm abm ida arat epb xsaveopt pln pts dtherm tpr_shadow vnmi flexpriority ept vpid fsgsbase tsc_adjust bmi1 hle avx2 smep bmi2 erms invpcid rtm
bogomips	: 6784.20
clflush size	: 64
cache_alignment	: 64
address sizes	: 39 bits physical, 48 bits virtual
power management:

processor	: 4
vendor_id	: GenuineIntel
cpu family	: 6
model		: 60
model name	: Intel(R) Core(TM) i7-4770 CPU @ 3.40GHz
stepping	: 3
microcode	: 0x17
cpu MHz		: 3700.023
cache size	: 8192 KB
physical id	: 0
siblings	: 8
core id		: 0
cpu cores	: 4
apicid		: 1
initial apicid	: 1
fpu		: yes
fpu_exception	: yes
cpuid level	: 13
wp		: yes
flags		: fpu vme de pse tsc msr pae mce cx8 apic sep mtrr pge mca cmov pat pse36 clflush dts acpi mmx fxsr sse sse2 ss ht tm pbe syscall nx pdpe1gb rdtscp lm constant_tsc arch_perfmon pebs bts rep_good nopl xtopology nonstop_tsc aperfmperf eagerfpu pni pclmulqdq dtes64 monitor ds_cpl vmx smx est tm2 ssse3 fma cx16 xtpr pdcm pcid sse4_1 sse4_2 x2apic movbe popcnt tsc_deadline_timer aes xsave avx f16c rdrand lahf_lm abm ida arat epb xsaveopt pln pts dtherm tpr_shadow vnmi flexpriority ept vpid fsgsbase tsc_adjust bmi1 hle avx2 smep bmi2 erms invpcid rtm
bogomips	: 6784.20
clflush size	: 64
cache_alignment	: 64
address sizes	: 39 bits physical, 48 bits virtual
power management:

processor	: 5
vendor_id	: GenuineIntel
cpu family	: 6
model		: 60
model name	: Intel(R) Core(TM) i7-4770 CPU @ 3.40GHz
stepping	: 3
microcode	: 0x17
cpu MHz		: 3700.023
cache size	: 8192 KB
physical id	: 0
siblings	: 8
core id		: 1
cpu cores	: 4
apicid		: 3
initial apicid	: 3
fpu		: yes
fpu_exception	: yes
cpuid level	: 13
wp		: yes
flags		: fpu vme de pse tsc msr pae mce cx8 apic sep mtrr pge mca cmov pat pse36 clflush dts acpi mmx fxsr sse sse2 ss ht tm pbe syscall nx pdpe1gb rdtscp lm constant_tsc arch_perfmon pebs bts rep_good nopl xtopology nonstop_tsc aperfmperf eagerfpu pni pclmulqdq dtes64 monitor ds_cpl vmx smx est tm2 ssse3 fma cx16 xtpr pdcm pcid sse4_1 sse4_2 x2apic movbe popcnt tsc_deadline_timer aes xsave avx f16c rdrand lahf_lm abm ida arat epb xsaveopt pln pts dtherm tpr_shadow vnmi flexpriority ept vpid fsgsbase tsc_adjust bmi1 hle avx2 smep bmi2 erms invpcid rtm
bogomips	: 6784.20
clflush size	: 64
cache_alignment	: 64
address sizes	: 39 bits physical, 48 bits virtual
power management:

processor	: 6
vendor_id	: GenuineIntel
cpu family	: 6
model		: 60
model name	: Intel(R) Core(TM) i7-4770 CPU @ 3.40GHz
stepping	: 3
microcode	: 0x17
cpu MHz		: 3700.023
cache size	: 8192 KB
physical id	: 0
siblings	: 8
core id		: 2
cpu cores	: 4
apicid		: 5
initial apicid	: 5
fpu		: yes
fpu_exception	: yes
cpuid level	: 13
wp		: yes
flags		: fpu vme de pse tsc msr pae mce cx8 apic sep mtrr pge mca cmov pat pse36 clflush dts acpi mmx fxsr sse sse2 ss ht tm pbe syscall nx pdpe1gb rdtscp lm constant_tsc arch_perfmon pebs bts rep_good nopl xtopology nonstop_tsc aperfmperf eagerfpu pni pclmulqdq dtes64 monitor ds_cpl vmx smx est tm2 ssse3 fma cx16 xtpr pdcm pcid sse4_1 sse4_2 x2apic movbe popcnt tsc_deadline_timer aes xsave avx f16c rdrand lahf_lm abm ida arat epb xsaveopt pln pts dtherm tpr_shadow vnmi flexpriority ept vpid fsgsbase tsc_adjust bmi1 hle avx2 smep bmi2 erms invpcid rtm
bogomips	: 6784.20
clflush size	: 64
cache_alignment	: 64
address sizes	: 39 bits physical, 48 bits virtual
power management:

processor	: 7
vendor_id	: GenuineIntel
cpu family	: 6
model		: 60
model name	: Intel(R) Core(TM) i7-4770 CPU @ 3.40GHz
stepping	: 3
microcode	: 0x17
cpu MHz		: 3700.023
cache size	: 8192 KB
physical id	: 0
siblings	: 8
core id		: 3
cpu cores	: 4
apicid		: 7
initial apicid	: 7
fpu		: yes
fpu_exception	: yes
cpuid level	: 13
wp		: yes
flags		: fpu vme de pse tsc msr pae mce cx8 apic sep mtrr pge mca cmov pat pse36 clflush dts acpi mmx fxsr sse sse2 ss ht tm pbe syscall nx pdpe1gb rdtscp lm constant_tsc arch_perfmon pebs bts rep_good nopl xtopology nonstop_tsc aperfmperf eagerfpu pni pclmulqdq dtes64 monitor ds_cpl vmx smx est tm2 ssse3 fma cx16 xtpr pdcm pcid sse4_1 sse4_2 x2apic movbe popcnt tsc_deadline_timer aes xsave avx f16c rdrand lahf_lm abm ida arat epb xsaveopt pln pts dtherm tpr_shadow vnmi flexpriority ept vpid fsgsbase tsc_adjust bmi1 hle avx2 smep bmi2 erms invpcid rtm
bogomips	: 6784.20
clflush size	: 64
cache_alignment	: 64
address sizes	: 39 bits physical, 48 bits virtual
power management:



Memory: 4k page, physical 8118512k(120744k free), swap 0k(0k free)

vm_info: OpenJDK 64-Bit Server VM (24.95-b01) for linux-amd64 JRE (1.7.0_101-b00), built on Apr 25 2016 09:53:23 by "jmm" with gcc 4.9.2

time: Thu May 12 13:55:15 2016
elapsed time: 6 seconds

