#
# There is insufficient memory for the Java Runtime Environment to continue.
# Native memory allocation (malloc) failed to allocate 175112192 bytes for committing reserved memory.
# Possible reasons:
#   The system is out of physical RAM or swap space
#   In 32 bit mode, the process size limit was hit
# Possible solutions:
#   Reduce memory load on the system
#   Increase physical memory or swap space
#   Check if swap backing store is full
#   Use 64 bit Java on a 64 bit OS
#   Decrease Java heap size (-Xmx/-Xms)
#   Decrease number of Java threads
#   Decrease Java thread stack sizes (-Xss)
#   Set larger code cache with -XX:ReservedCodeCacheSize=
# This output file may be truncated or incomplete.
#
#  Out of Memory Error (os_linux.cpp:2827), pid=29107, tid=139857813378816
#
# JRE version: OpenJDK Runtime Environment (7.0_101) (build 1.7.0_101-b00)
# Java VM: OpenJDK 64-Bit Server VM (24.95-b01 mixed mode linux-amd64 compressed oops)
# Derivative: IcedTea 2.6.6
# Distribution: Debian GNU/Linux 8.2 (jessie), package 7u101-2.6.6-1~deb8u1
# Failed to write core dump. Core dumps have been disabled. To enable core dumping, try "ulimit -c unlimited" before starting Java again
#

---------------  T H R E A D  ---------------

Current thread (0x00007f334407e800):  VMThread [stack: 0x00007f332f391000,0x00007f332f492000] [id=29120]

Stack: [0x00007f332f391000,0x00007f332f492000],  sp=0x00007f332f4904e0,  free space=1021k
Native frames: (J=compiled Java code, j=interpreted, Vv=VM code, C=native code)
V  [libjvm.so+0x9893b6]
V  [libjvm.so+0x493832]
V  [libjvm.so+0x7fb2db]
V  [libjvm.so+0x7f59be]
V  [libjvm.so+0x86937b]
V  [libjvm.so+0x86a233]
V  [libjvm.so+0x86a94b]
V  [libjvm.so+0x8662b1]
V  [libjvm.so+0x866b28]
V  [libjvm.so+0x81e603]
V  [libjvm.so+0x98ac82]
V  [libjvm.so+0x98f107]
V  [libjvm.so+0x98d87b]
V  [libjvm.so+0x98df26]
V  [libjvm.so+0x98e3f1]
V  [libjvm.so+0x7f8202]

VM_Operation (0x00007f332cd12fa0): ParallelGCFailedAllocation, mode: safepoint, requested by thread 0x00007f33441a1000


---------------  P R O C E S S  ---------------

Java Threads: ( => current thread )
  0x00007f33441a2800 JavaThread "pool-2-thread-4" [_thread_blocked, id=29132, stack(0x00007f332cb13000,0x00007f332cc14000)]
  0x00007f33441a1000 JavaThread "pool-2-thread-3" [_thread_blocked, id=29131, stack(0x00007f332cc14000,0x00007f332cd15000)]
  0x00007f334419f800 JavaThread "pool-2-thread-2" [_thread_blocked, id=29130, stack(0x00007f332cd15000,0x00007f332ce16000)]
  0x00007f334419e800 JavaThread "pool-3-thread-1" [_thread_blocked, id=29129, stack(0x00007f332ce16000,0x00007f332cf17000)]
  0x00007f334419c800 JavaThread "pool-2-thread-1" [_thread_blocked, id=29128, stack(0x00007f332cf17000,0x00007f332d018000)]
  0x00007f33440b9000 JavaThread "Service Thread" daemon [_thread_blocked, id=29126, stack(0x00007f332ec02000,0x00007f332ed03000)]
  0x00007f33440b7000 JavaThread "C2 CompilerThread1" daemon [_thread_blocked, id=29125, stack(0x00007f332ed03000,0x00007f332ee04000)]
  0x00007f33440b4000 JavaThread "C2 CompilerThread0" daemon [_thread_blocked, id=29124, stack(0x00007f332ee04000,0x00007f332ef05000)]
  0x00007f33440b2000 JavaThread "Signal Dispatcher" daemon [_thread_blocked, id=29123, stack(0x00007f332ef05000,0x00007f332f006000)]
  0x00007f3344085000 JavaThread "Finalizer" daemon [_thread_blocked, id=29122, stack(0x00007f332f18f000,0x00007f332f290000)]
  0x00007f3344083000 JavaThread "Reference Handler" daemon [_thread_blocked, id=29121, stack(0x00007f332f290000,0x00007f332f391000)]
  0x00007f334400a800 JavaThread "main" [_thread_blocked, id=29109, stack(0x00007f334ab42000,0x00007f334ac43000)]

Other Threads:
=>0x00007f334407e800 VMThread [stack: 0x00007f332f391000,0x00007f332f492000] [id=29120]
  0x00007f33440c3800 WatcherThread [stack: 0x00007f332eb01000,0x00007f332ec02000] [id=29127]

VM state:at safepoint (normal execution)

VM Mutex/Monitor currently owned by a thread:  ([mutex/lock_event])
[0x00007f3344006ba0] Threads_lock - owner thread: 0x00007f334407e800
[0x00007f33440070a0] Heap_lock - owner thread: 0x00007f33441a1000

Heap
 PSYoungGen      total 134144K, used 5110K [0x00000000eaa80000, 0x00000000f3280000, 0x0000000100000000)
  eden space 129024K, 0% used [0x00000000eaa80000,0x00000000eaa80000,0x00000000f2880000)
  from space 5120K, 99% used [0x00000000f2880000,0x00000000f2d7d8b8,0x00000000f2d80000)
  to   space 5120K, 0% used [0x00000000f2d80000,0x00000000f2d80000,0x00000000f3280000)
 ParOldGen       total 84480K, used 42573K [0x00000000c0000000, 0x00000000c5280000, 0x00000000eaa80000)
  object space 84480K, 50% used [0x00000000c0000000,0x00000000c2993638,0x00000000c5280000)
 PSPermGen       total 21504K, used 6442K [0x00000000b5a00000, 0x00000000b6f00000, 0x00000000c0000000)
  object space 21504K, 29% used [0x00000000b5a00000,0x00000000b604a968,0x00000000b6f00000)

Card table byte_map: [0x00007f334036c000,0x00007f33405c0000] byte_map_base: 0x00007f333fdbf000

Polling page: 0x00007f334ac63000

Code Cache  [0x00007f33405c0000, 0x00007f3340830000, 0x00007f33435c0000)
 total_blobs=615 nmethods=384 adapters=184 free_code_cache=47485Kb largest_free_block=48588864

Compilation events (10 events):
Event: 6.509 Thread 0x00007f33440b7000 nmethod 386 0x00007f3340763e10 code [0x00007f3340763f40, 0x00007f3340763f98]
Event: 6.509 Thread 0x00007f33440b7000  387             com.android.dx.rop.cst.Constant::<init> (5 bytes)
Event: 6.509 Thread 0x00007f33440b7000 nmethod 387 0x00007f334066e610 code [0x00007f334066e740, 0x00007f334066e798]
Event: 6.509 Thread 0x00007f33440b7000  388             java.io.DataInputStream::readUnsignedShort (39 bytes)
Event: 6.511 Thread 0x00007f33440b7000 nmethod 388 0x00007f3340754490 code [0x00007f3340754600, 0x00007f3340754838]
Event: 6.511 Thread 0x00007f33440b7000  389             com.android.dx.ssa.NormalSsaInsn::toRopInsn (19 bytes)
Event: 6.511 Thread 0x00007f33440b7000 nmethod 389 0x00007f33407541d0 code [0x00007f3340754320, 0x00007f33407543b8]
Event: 6.511 Thread 0x00007f33440b7000  390   !         com.android.dx.cf.code.Simulator::simulate (74 bytes)
Event: 6.514 Thread 0x00007f33440b7000 nmethod 390 0x00007f3340753c90 code [0x00007f3340753e00, 0x00007f3340753fb8]
Event: 6.514 Thread 0x00007f33440b7000  391             com.android.dx.ssa.DeadCodeRemover::run (194 bytes)

GC Heap History (9 events):
Event: 1.516 GC heap before
{Heap before GC invocations=1 (full 0):
 PSYoungGen      total 37376K, used 32256K [0x00000000eaa80000, 0x00000000ed400000, 0x0000000100000000)
  eden space 32256K, 100% used [0x00000000eaa80000,0x00000000eca00000,0x00000000eca00000)
  from space 5120K, 0% used [0x00000000ecf00000,0x00000000ecf00000,0x00000000ed400000)
  to   space 5120K, 0% used [0x00000000eca00000,0x00000000eca00000,0x00000000ecf00000)
 ParOldGen       total 84480K, used 0K [0x00000000c0000000, 0x00000000c5280000, 0x00000000eaa80000)
  object space 84480K, 0% used [0x00000000c0000000,0x00000000c0000000,0x00000000c5280000)
 PSPermGen       total 21504K, used 6120K [0x00000000b5a00000, 0x00000000b6f00000, 0x00000000c0000000)
  object space 21504K, 28% used [0x00000000b5a00000,0x00000000b5ffa098,0x00000000b6f00000)
Event: 1.556 GC heap after
Heap after GC invocations=1 (full 0):
 PSYoungGen      total 37376K, used 5088K [0x00000000eaa80000, 0x00000000ef380000, 0x0000000100000000)
  eden space 32256K, 0% used [0x00000000eaa80000,0x00000000eaa80000,0x00000000eca00000)
  from space 5120K, 99% used [0x00000000eca00000,0x00000000ecef8038,0x00000000ecf00000)
  to   space 5120K, 0% used [0x00000000eee80000,0x00000000eee80000,0x00000000ef380000)
 ParOldGen       total 84480K, used 528K [0x00000000c0000000, 0x00000000c5280000, 0x00000000eaa80000)
  object space 84480K, 0% used [0x00000000c0000000,0x00000000c0084188,0x00000000c5280000)
 PSPermGen       total 21504K, used 6120K [0x00000000b5a00000, 0x00000000b6f00000, 0x00000000c0000000)
  object space 21504K, 28% used [0x00000000b5a00000,0x00000000b5ffa098,0x00000000b6f00000)
}
Event: 2.335 GC heap before
{Heap before GC invocations=2 (full 0):
 PSYoungGen      total 37376K, used 37344K [0x00000000eaa80000, 0x00000000ef380000, 0x0000000100000000)
  eden space 32256K, 100% used [0x00000000eaa80000,0x00000000eca00000,0x00000000eca00000)
  from space 5120K, 99% used [0x00000000eca00000,0x00000000ecef8038,0x00000000ecf00000)
  to   space 5120K, 0% used [0x00000000eee80000,0x00000000eee80000,0x00000000ef380000)
 ParOldGen       total 84480K, used 528K [0x00000000c0000000, 0x00000000c5280000, 0x00000000eaa80000)
  object space 84480K, 0% used [0x00000000c0000000,0x00000000c0084188,0x00000000c5280000)
 PSPermGen       total 21504K, used 6254K [0x00000000b5a00000, 0x00000000b6f00000, 0x00000000c0000000)
  object space 21504K, 29% used [0x00000000b5a00000,0x00000000b601b808,0x00000000b6f00000)
Event: 2.403 GC heap after
Heap after GC invocations=2 (full 0):
 PSYoungGen      total 69632K, used 5109K [0x00000000eaa80000, 0x00000000ef380000, 0x0000000100000000)
  eden space 64512K, 0% used [0x00000000eaa80000,0x00000000eaa80000,0x00000000ee980000)
  from space 5120K, 99% used [0x00000000eee80000,0x00000000ef37d6d8,0x00000000ef380000)
  to   space 5120K, 0% used [0x00000000ee980000,0x00000000ee980000,0x00000000eee80000)
 ParOldGen       total 84480K, used 4541K [0x00000000c0000000, 0x00000000c5280000, 0x00000000eaa80000)
  object space 84480K, 5% used [0x00000000c0000000,0x00000000c046f598,0x00000000c5280000)
 PSPermGen       total 21504K, used 6254K [0x00000000b5a00000, 0x00000000b6f00000, 0x00000000c0000000)
  object space 21504K, 29% used [0x00000000b5a00000,0x00000000b601b808,0x00000000b6f00000)
}
Event: 3.736 GC heap before
{Heap before GC invocations=3 (full 0):
 PSYoungGen      total 69632K, used 69621K [0x00000000eaa80000, 0x00000000ef380000, 0x0000000100000000)
  eden space 64512K, 100% used [0x00000000eaa80000,0x00000000ee980000,0x00000000ee980000)
  from space 5120K, 99% used [0x00000000eee80000,0x00000000ef37d6d8,0x00000000ef380000)
  to   space 5120K, 0% used [0x00000000ee980000,0x00000000ee980000,0x00000000eee80000)
 ParOldGen       total 84480K, used 4541K [0x00000000c0000000, 0x00000000c5280000, 0x00000000eaa80000)
  object space 84480K, 5% used [0x00000000c0000000,0x00000000c046f598,0x00000000c5280000)
 PSPermGen       total 21504K, used 6324K [0x00000000b5a00000, 0x00000000b6f00000, 0x00000000c0000000)
  object space 21504K, 29% used [0x00000000b5a00000,0x00000000b602d358,0x00000000b6f00000)
Event: 3.844 GC heap after
Heap after GC invocations=3 (full 0):
 PSYoungGen      total 69632K, used 5104K [0x00000000eaa80000, 0x00000000f3280000, 0x0000000100000000)
  eden space 64512K, 0% used [0x00000000eaa80000,0x00000000eaa80000,0x00000000ee980000)
  from space 5120K, 99% used [0x00000000ee980000,0x00000000eee7c158,0x00000000eee80000)
  to   space 5120K, 0% used [0x00000000f2d80000,0x00000000f2d80000,0x00000000f3280000)
 ParOldGen       total 84480K, used 14136K [0x00000000c0000000, 0x00000000c5280000, 0x00000000eaa80000)
  object space 84480K, 16% used [0x00000000c0000000,0x00000000c0dce270,0x00000000c5280000)
 PSPermGen       total 21504K, used 6324K [0x00000000b5a00000, 0x00000000b6f00000, 0x00000000c0000000)
  object space 21504K, 29% used [0x00000000b5a00000,0x00000000b602d358,0x00000000b6f00000)
}
Event: 4.927 GC heap before
{Heap before GC invocations=4 (full 0):
 PSYoungGen      total 69632K, used 69616K [0x00000000eaa80000, 0x00000000f3280000, 0x0000000100000000)
  eden space 64512K, 100% used [0x00000000eaa80000,0x00000000ee980000,0x00000000ee980000)
  from space 5120K, 99% used [0x00000000ee980000,0x00000000eee7c158,0x00000000eee80000)
  to   space 5120K, 0% used [0x00000000f2d80000,0x00000000f2d80000,0x00000000f3280000)
 ParOldGen       total 84480K, used 14136K [0x00000000c0000000, 0x00000000c5280000, 0x00000000eaa80000)
  object space 84480K, 16% used [0x00000000c0000000,0x00000000c0dce270,0x00000000c5280000)
 PSPermGen       total 21504K, used 6359K [0x00000000b5a00000, 0x00000000b6f00000, 0x00000000c0000000)
  object space 21504K, 29% used [0x00000000b5a00000,0x00000000b6035e98,0x00000000b6f00000)
Event: 4.967 GC heap after
Heap after GC invocations=4 (full 0):
 PSYoungGen      total 134144K, used 5107K [0x00000000eaa80000, 0x00000000f3280000, 0x0000000100000000)
  eden space 129024K, 0% used [0x00000000eaa80000,0x00000000eaa80000,0x00000000f2880000)
  from space 5120K, 99% used [0x00000000f2d80000,0x00000000f327cff8,0x00000000f3280000)
  to   space 5120K, 0% used [0x00000000f2880000,0x00000000f2880000,0x00000000f2d80000)
 ParOldGen       total 84480K, used 24210K [0x00000000c0000000, 0x00000000c5280000, 0x00000000eaa80000)
  object space 84480K, 28% used [0x00000000c0000000,0x00000000c17a4838,0x00000000c5280000)
 PSPermGen       total 21504K, used 6359K [0x00000000b5a00000, 0x00000000b6f00000, 0x00000000c0000000)
  object space 21504K, 29% used [0x00000000b5a00000,0x00000000b6035e98,0x00000000b6f00000)
}
Event: 6.562 GC heap before
{Heap before GC invocations=5 (full 0):
 PSYoungGen      total 134144K, used 134131K [0x00000000eaa80000, 0x00000000f3280000, 0x0000000100000000)
  eden space 129024K, 100% used [0x00000000eaa80000,0x00000000f2880000,0x00000000f2880000)
  from space 5120K, 99% used [0x00000000f2d80000,0x00000000f327cff8,0x00000000f3280000)
  to   space 5120K, 0% used [0x00000000f2880000,0x00000000f2880000,0x00000000f2d80000)
 ParOldGen       total 84480K, used 24210K [0x00000000c0000000, 0x00000000c5280000, 0x00000000eaa80000)
  object space 84480K, 28% used [0x00000000c0000000,0x00000000c17a4838,0x00000000c5280000)
 PSPermGen       total 21504K, used 6442K [0x00000000b5a00000, 0x00000000b6f00000, 0x00000000c0000000)
  object space 21504K, 29% used [0x00000000b5a00000,0x00000000b604a968,0x00000000b6f00000)

Deoptimization events (10 events):
Event: 1.206 Thread 0x00007f334419c800 Uncommon trap: reason=class_check action=maybe_recompile pc=0x00007f334063d618 method=com.android.dx.ssa.NormalSsaInsn.accept(Lcom/android/dx/ssa/SsaInsn$Visitor;)V @ 9
Event: 1.919 Thread 0x00007f334419f800 Uncommon trap: reason=null_check action=make_not_entrant pc=0x00007f334066f7b0 method=com.android.dx.ssa.SsaRenamer.getLocalForNewReg(I)Lcom/android/dx/rop/code/LocalItem; @ 19
Event: 1.919 Thread 0x00007f334419f800 Uncommon trap: reason=null_check action=make_not_entrant pc=0x00007f334067b500 method=com.android.dx.ssa.SsaRenamer.getLocalForNewReg(I)Lcom/android/dx/rop/code/LocalItem; @ 19
Event: 2.041 Thread 0x00007f334419f800 Uncommon trap: reason=unstable_if action=reinterpret pc=0x00007f334068ab34 method=com.android.dx.ssa.SsaRenamer$BlockRenamer.process()V @ 90
Event: 2.725 Thread 0x00007f334419f800 Uncommon trap: reason=unstable_if action=reinterpret pc=0x00007f334065a544 method=com.android.dx.rop.cst.Constant.compareTo(Lcom/android/dx/rop/cst/Constant;)I @ 12
Event: 3.460 Thread 0x00007f334419c800 Uncommon trap: reason=unstable_if action=reinterpret pc=0x00007f334064ecf0 method=com.android.dx.rop.code.RegisterSpec.equals(ILcom/android/dx/rop/type/TypeBearer;Lcom/android/dx/rop/code/LocalItem;)Z @ 42
Event: 3.473 Thread 0x00007f33441a2800 Uncommon trap: reason=unstable_if action=reinterpret pc=0x00007f33406b94d4 method=com.android.dx.ssa.SCCP.simulateBranch(Lcom/android/dx/ssa/SsaInsn;)V @ 548
Event: 5.954 Thread 0x00007f33441a1000 Uncommon trap: reason=null_check action=make_not_entrant pc=0x00007f3340737044 method=com.android.dx.cf.code.Ropper$CatchInfo.getSetup(Lcom/android/dx/rop/type/Type;)Lcom/android/dx/cf/code/Ropper$ExceptionHandlerSetup; @ 10
Event: 6.505 Thread 0x00007f334400a800 Uncommon trap: reason=unstable_if action=reinterpret pc=0x00007f3340759a50 method=com.android.dx.rop.code.DexTranslationAdvice.requiresSourcesInOrder(Lcom/android/dx/rop/code/Rop;Lcom/android/dx/rop/code/RegisterSpecList;)Z @ 21
Event: 6.512 Thread 0x00007f334400a800 Uncommon trap: reason=null_check action=make_not_entrant pc=0x00007f3340767304 method=com.android.dx.rop.type.Type.putIntern(Lcom/android/dx/rop/type/Type;)Lcom/android/dx/rop/type/Type; @ 18

Internal exceptions (10 events):
Event: 1.919 Thread 0x00007f334419f800 Implicit null exception at 0x00007f334066eb20 to 0x00007f334066f795
Event: 1.919 Thread 0x00007f334419f800 Implicit null exception at 0x00007f334067a9cc to 0x00007f334067b4dd
Event: 2.078 Thread 0x00007f334400a800 Threw 0x00000000ebefeee8 at /home/jmm/jdk4/openjdk-7-7u101-2.6.6/build/openjdk/hotspot/src/share/vm/prims/jvm.cpp:1322
Event: 2.079 Thread 0x00007f334400a800 Threw 0x00000000ebf01a20 at /home/jmm/jdk4/openjdk-7-7u101-2.6.6/build/openjdk/hotspot/src/share/vm/prims/jvm.cpp:1322
Event: 2.080 Thread 0x00007f334400a800 Threw 0x00000000ebf0c530 at /home/jmm/jdk4/openjdk-7-7u101-2.6.6/build/openjdk/hotspot/src/share/vm/prims/jvm.cpp:1322
Event: 2.080 Thread 0x00007f334400a800 Threw 0x00000000ebf0f2f8 at /home/jmm/jdk4/openjdk-7-7u101-2.6.6/build/openjdk/hotspot/src/share/vm/prims/jvm.cpp:1322
Event: 4.105 Thread 0x00007f334419c800 Threw 0x00000000eb5ed770 at /home/jmm/jdk4/openjdk-7-7u101-2.6.6/build/openjdk/hotspot/src/share/vm/prims/jvm.cpp:1322
Event: 4.494 Thread 0x00007f334400a800 Threw 0x00000000ecc9ccf8 at /home/jmm/jdk4/openjdk-7-7u101-2.6.6/build/openjdk/hotspot/src/share/vm/prims/jvm.cpp:1322
Event: 5.954 Thread 0x00007f33441a1000 Implicit null exception at 0x00007f3340732745 to 0x00007f3340736ffd
Event: 6.512 Thread 0x00007f334400a800 Implicit null exception at 0x00007f3340766c3f to 0x00007f33407672f5

Events (10 events):
Event: 6.031 Thread 0x00007f33440b7000 flushing nmethod 0x00007f334066e610
Event: 6.031 Thread 0x00007f33440b7000 flushing nmethod 0x00007f334067a590
Event: 6.033 Thread 0x00007f33440b7000 flushing nmethod 0x00007f3340689910
Event: 6.505 Thread 0x00007f334400a800 Uncommon trap: trap_request=0xffffff75 fr.pc=0x00007f3340759a50
Event: 6.505 Thread 0x00007f334400a800 DEOPT PACKING pc=0x00007f3340759a50 sp=0x00007f334ac40900
Event: 6.505 Thread 0x00007f334400a800 DEOPT UNPACKING pc=0x00007f33405f9445 sp=0x00007f334ac40860 mode 2
Event: 6.512 Thread 0x00007f334400a800 Uncommon trap: trap_request=0xfffffff4 fr.pc=0x00007f3340767304
Event: 6.512 Thread 0x00007f334400a800 DEOPT PACKING pc=0x00007f3340767304 sp=0x00007f334ac40d10
Event: 6.512 Thread 0x00007f334400a800 DEOPT UNPACKING pc=0x00007f33405f9445 sp=0x00007f334ac40c40 mode 2
Event: 6.551 Executing VM operation: ParallelGCFailedAllocation


Dynamic libraries:
00400000-00401000 r-xp 00000000 08:01 656873                             /usr/lib/jvm/java-7-openjdk-amd64/jre/bin/java
00600000-00601000 r--p 00000000 08:01 656873                             /usr/lib/jvm/java-7-openjdk-amd64/jre/bin/java
00601000-00602000 rw-p 00001000 08:01 656873                             /usr/lib/jvm/java-7-openjdk-amd64/jre/bin/java
007f4000-00815000 rw-p 00000000 00:00 0                                  [heap]
b5a00000-b6f00000 rw-p 00000000 00:00 0 
b6f00000-c0000000 rw-p 00000000 00:00 0 
c0000000-c5280000 rw-p 00000000 00:00 0 
c5280000-eaa80000 rw-p 00000000 00:00 0 
eaa80000-f3280000 rw-p 00000000 00:00 0 
fd980000-100000000 rw-p 00000000 00:00 0 
7f32e0000000-7f32e0021000 rw-p 00000000 00:00 0 
7f32e0021000-7f32e4000000 ---p 00000000 00:00 0 
7f32e8000000-7f32e8028000 rw-p 00000000 00:00 0 
7f32e8028000-7f32ec000000 ---p 00000000 00:00 0 
7f32ec000000-7f32ec021000 rw-p 00000000 00:00 0 
7f32ec021000-7f32f0000000 ---p 00000000 00:00 0 
7f32f0000000-7f32f005a000 rw-p 00000000 00:00 0 
7f32f005a000-7f32f4000000 ---p 00000000 00:00 0 
7f32f4000000-7f32f4021000 rw-p 00000000 00:00 0 
7f32f4021000-7f32f8000000 ---p 00000000 00:00 0 
7f32f8000000-7f32f8021000 rw-p 00000000 00:00 0 
7f32f8021000-7f32fc000000 ---p 00000000 00:00 0 
7f32fc000000-7f32fc021000 rw-p 00000000 00:00 0 
7f32fc021000-7f3300000000 ---p 00000000 00:00 0 
7f3300000000-7f33014f4000 rw-p 00000000 00:00 0 
7f33014f4000-7f3304000000 ---p 00000000 00:00 0 
7f3304000000-7f3305149000 rw-p 00000000 00:00 0 
7f3305149000-7f3308000000 ---p 00000000 00:00 0 
7f3308000000-7f3308021000 rw-p 00000000 00:00 0 
7f3308021000-7f330c000000 ---p 00000000 00:00 0 
7f330c000000-7f330c021000 rw-p 00000000 00:00 0 
7f330c021000-7f3310000000 ---p 00000000 00:00 0 
7f3310000000-7f3310021000 rw-p 00000000 00:00 0 
7f3310021000-7f3314000000 ---p 00000000 00:00 0 
7f3314000000-7f3314021000 rw-p 00000000 00:00 0 
7f3314021000-7f3318000000 ---p 00000000 00:00 0 
7f3318000000-7f3318021000 rw-p 00000000 00:00 0 
7f3318021000-7f331c000000 ---p 00000000 00:00 0 
7f331c000000-7f331c021000 rw-p 00000000 00:00 0 
7f331c021000-7f3320000000 ---p 00000000 00:00 0 
7f3320000000-7f3320021000 rw-p 00000000 00:00 0 
7f3320021000-7f3324000000 ---p 00000000 00:00 0 
7f3324000000-7f3324021000 rw-p 00000000 00:00 0 
7f3324021000-7f3328000000 ---p 00000000 00:00 0 
7f3328000000-7f3328021000 rw-p 00000000 00:00 0 
7f3328021000-7f332c000000 ---p 00000000 00:00 0 
7f332cb13000-7f332cb16000 ---p 00000000 00:00 0 
7f332cb16000-7f332cc14000 rw-p 00000000 00:00 0                          [stack:29132]
7f332cc14000-7f332cc17000 ---p 00000000 00:00 0 
7f332cc17000-7f332cd15000 rw-p 00000000 00:00 0                          [stack:29131]
7f332cd15000-7f332cd18000 ---p 00000000 00:00 0 
7f332cd18000-7f332ce16000 rw-p 00000000 00:00 0                          [stack:29130]
7f332ce16000-7f332ce19000 ---p 00000000 00:00 0 
7f332ce19000-7f332cf17000 rw-p 00000000 00:00 0                          [stack:29129]
7f332cf17000-7f332cf1a000 ---p 00000000 00:00 0 
7f332cf1a000-7f332d319000 rw-p 00000000 00:00 0                          [stack:29128]
7f332d319000-7f332d385000 r-xp 00000000 08:01 2883641                    /lib/x86_64-linux-gnu/libpcre.so.3.13.1
7f332d385000-7f332d585000 ---p 0006c000 08:01 2883641                    /lib/x86_64-linux-gnu/libpcre.so.3.13.1
7f332d585000-7f332d586000 r--p 0006c000 08:01 2883641                    /lib/x86_64-linux-gnu/libpcre.so.3.13.1
7f332d586000-7f332d587000 rw-p 0006d000 08:01 2883641                    /lib/x86_64-linux-gnu/libpcre.so.3.13.1
7f332d587000-7f332d58e000 r-xp 00000000 08:01 397886                     /usr/lib/x86_64-linux-gnu/libffi.so.6.0.2
7f332d58e000-7f332d78d000 ---p 00007000 08:01 397886                     /usr/lib/x86_64-linux-gnu/libffi.so.6.0.2
7f332d78d000-7f332d78e000 r--p 00006000 08:01 397886                     /usr/lib/x86_64-linux-gnu/libffi.so.6.0.2
7f332d78e000-7f332d78f000 rw-p 00007000 08:01 397886                     /usr/lib/x86_64-linux-gnu/libffi.so.6.0.2
7f332d78f000-7f332d7a3000 r-xp 00000000 08:01 2884601                    /lib/x86_64-linux-gnu/libresolv-2.19.so
7f332d7a3000-7f332d9a2000 ---p 00014000 08:01 2884601                    /lib/x86_64-linux-gnu/libresolv-2.19.so
7f332d9a2000-7f332d9a3000 r--p 00013000 08:01 2884601                    /lib/x86_64-linux-gnu/libresolv-2.19.so
7f332d9a3000-7f332d9a4000 rw-p 00014000 08:01 2884601                    /lib/x86_64-linux-gnu/libresolv-2.19.so
7f332d9a4000-7f332d9a6000 rw-p 00000000 00:00 0 
7f332d9a6000-7f332d9c7000 r-xp 00000000 08:01 2883683                    /lib/x86_64-linux-gnu/libselinux.so.1
7f332d9c7000-7f332dbc7000 ---p 00021000 08:01 2883683                    /lib/x86_64-linux-gnu/libselinux.so.1
7f332dbc7000-7f332dbc8000 r--p 00021000 08:01 2883683                    /lib/x86_64-linux-gnu/libselinux.so.1
7f332dbc8000-7f332dbc9000 rw-p 00022000 08:01 2883683                    /lib/x86_64-linux-gnu/libselinux.so.1
7f332dbc9000-7f332dbcb000 rw-p 00000000 00:00 0 
7f332dbcb000-7f332dbce000 r-xp 00000000 08:01 400243                     /usr/lib/x86_64-linux-gnu/libgmodule-2.0.so.0.4200.1
7f332dbce000-7f332ddcd000 ---p 00003000 08:01 400243                     /usr/lib/x86_64-linux-gnu/libgmodule-2.0.so.0.4200.1
7f332ddcd000-7f332ddce000 r--p 00002000 08:01 400243                     /usr/lib/x86_64-linux-gnu/libgmodule-2.0.so.0.4200.1
7f332ddce000-7f332ddcf000 rw-p 00003000 08:01 400243                     /usr/lib/x86_64-linux-gnu/libgmodule-2.0.so.0.4200.1
7f332ddcf000-7f332dedb000 r-xp 00000000 08:01 2883647                    /lib/x86_64-linux-gnu/libglib-2.0.so.0.4200.1
7f332dedb000-7f332e0db000 ---p 0010c000 08:01 2883647                    /lib/x86_64-linux-gnu/libglib-2.0.so.0.4200.1
7f332e0db000-7f332e0dc000 r--p 0010c000 08:01 2883647                    /lib/x86_64-linux-gnu/libglib-2.0.so.0.4200.1
7f332e0dc000-7f332e0dd000 rw-p 0010d000 08:01 2883647                    /lib/x86_64-linux-gnu/libglib-2.0.so.0.4200.1
7f332e0dd000-7f332e0de000 rw-p 00000000 00:00 0 
7f332e0de000-7f332e12f000 r-xp 00000000 08:01 400240                     /usr/lib/x86_64-linux-gnu/libgobject-2.0.so.0.4200.1
7f332e12f000-7f332e32f000 ---p 00051000 08:01 400240                     /usr/lib/x86_64-linux-gnu/libgobject-2.0.so.0.4200.1
7f332e32f000-7f332e330000 r--p 00051000 08:01 400240                     /usr/lib/x86_64-linux-gnu/libgobject-2.0.so.0.4200.1
7f332e330000-7f332e331000 rw-p 00052000 08:01 400240                     /usr/lib/x86_64-linux-gnu/libgobject-2.0.so.0.4200.1
7f332e331000-7f332e4a3000 r-xp 00000000 08:01 400245                     /usr/lib/x86_64-linux-gnu/libgio-2.0.so.0.4200.1
7f332e4a3000-7f332e6a3000 ---p 00172000 08:01 400245                     /usr/lib/x86_64-linux-gnu/libgio-2.0.so.0.4200.1
7f332e6a3000-7f332e6a7000 r--p 00172000 08:01 400245                     /usr/lib/x86_64-linux-gnu/libgio-2.0.so.0.4200.1
7f332e6a7000-7f332e6a9000 rw-p 00176000 08:01 400245                     /usr/lib/x86_64-linux-gnu/libgio-2.0.so.0.4200.1
7f332e6a9000-7f332e6ab000 rw-p 00000000 00:00 0 
7f332e6c7000-7f332e6df000 r-xp 00000000 08:01 530137                     /usr/lib/jvm/java-7-openjdk-amd64/jre/lib/amd64/libnet.so
7f332e6df000-7f332e8de000 ---p 00018000 08:01 530137                     /usr/lib/jvm/java-7-openjdk-amd64/jre/lib/amd64/libnet.so
7f332e8de000-7f332e8df000 r--p 00017000 08:01 530137                     /usr/lib/jvm/java-7-openjdk-amd64/jre/lib/amd64/libnet.so
7f332e8df000-7f332e8e0000 rw-p 00018000 08:01 530137                     /usr/lib/jvm/java-7-openjdk-amd64/jre/lib/amd64/libnet.so
7f332e8e0000-7f332e8f1000 r-xp 00000000 08:01 530073                     /usr/lib/jvm/java-7-openjdk-amd64/jre/lib/amd64/libnio.so
7f332e8f1000-7f332eaf0000 ---p 00011000 08:01 530073                     /usr/lib/jvm/java-7-openjdk-amd64/jre/lib/amd64/libnio.so
7f332eaf0000-7f332eaf1000 r--p 00010000 08:01 530073                     /usr/lib/jvm/java-7-openjdk-amd64/jre/lib/amd64/libnio.so
7f332eaf1000-7f332eaf2000 rw-p 00011000 08:01 530073                     /usr/lib/jvm/java-7-openjdk-amd64/jre/lib/amd64/libnio.so
7f332eaf2000-7f332eb01000 r--s 000df000 08:02 134779                     /home/baniel/UsefulTools/AndroidStudio/AndroidSDK/build-tools/23.0.2/lib/dx.jar
7f332eb01000-7f332eb02000 ---p 00000000 00:00 0 
7f332eb02000-7f332ec02000 rw-p 00000000 00:00 0                          [stack:29127]
7f332ec02000-7f332ec05000 ---p 00000000 00:00 0 
7f332ec05000-7f332ed03000 rw-p 00000000 00:00 0                          [stack:29126]
7f332ed03000-7f332ed06000 ---p 00000000 00:00 0 
7f332ed06000-7f332ee04000 rw-p 00000000 00:00 0                          [stack:29125]
7f332ee04000-7f332ee07000 ---p 00000000 00:00 0 
7f332ee07000-7f332ef05000 rw-p 00000000 00:00 0                          [stack:29124]
7f332ef05000-7f332ef08000 ---p 00000000 00:00 0 
7f332ef08000-7f332f006000 rw-p 00000000 00:00 0                          [stack:29123]
7f332f006000-7f332f18f000 r--p 00000000 08:01 398770                     /usr/lib/locale/locale-archive
7f332f18f000-7f332f192000 ---p 00000000 00:00 0 
7f332f192000-7f332f290000 rw-p 00000000 00:00 0                          [stack:29122]
7f332f290000-7f332f293000 ---p 00000000 00:00 0 
7f332f293000-7f332f391000 rw-p 00000000 00:00 0                          [stack:29121]
7f332f391000-7f332f392000 ---p 00000000 00:00 0 
7f332f392000-7f3330000000 rw-p 00000000 00:00 0                          [stack:29120]
7f3330000000-7f3330021000 rw-p 00000000 00:00 0 
7f3330021000-7f3334000000 ---p 00000000 00:00 0 
7f3334000000-7f3334021000 rw-p 00000000 00:00 0 
7f3334021000-7f3338000000 ---p 00000000 00:00 0 
7f3338000000-7f3338021000 rw-p 00000000 00:00 0 
7f3338021000-7f333c000000 ---p 00000000 00:00 0 
7f333c000000-7f333c00d000 r--s 000f7000 08:16 15658120                   /media/baniel/bc0cc5aa-0e52-40d8-a05b-365939955998/baniel/AndroidStudioProjects/SensorCollector/app/libs/protobuf-java-3.0.0-beta-2.jar
7f333c00d000-7f333d10b000 rw-p 00000000 00:00 0 
7f333d10b000-7f333d2bd000 r--s 01d32000 08:01 529981                     /usr/lib/jvm/java-7-openjdk-amd64/jre/lib/rt.jar
7f333d2bd000-7f333fb11000 rw-p 00000000 00:00 0 
7f333fb11000-7f333fb12000 ---p 00000000 00:00 0 
7f333fb12000-7f333fc12000 rw-p 00000000 00:00 0                          [stack:29119]
7f333fc12000-7f333fc13000 ---p 00000000 00:00 0 
7f333fc13000-7f333fd13000 rw-p 00000000 00:00 0                          [stack:29118]
7f333fd13000-7f333fd14000 ---p 00000000 00:00 0 
7f333fd14000-7f333fe14000 rw-p 00000000 00:00 0                          [stack:29117]
7f333fe14000-7f333fe15000 ---p 00000000 00:00 0 
7f333fe15000-7f333ff15000 rw-p 00000000 00:00 0                          [stack:29116]
7f333ff15000-7f333ff16000 ---p 00000000 00:00 0 
7f333ff16000-7f3340016000 rw-p 00000000 00:00 0                          [stack:29115]
7f3340016000-7f3340017000 ---p 00000000 00:00 0 
7f3340017000-7f3340117000 rw-p 00000000 00:00 0                          [stack:29114]
7f3340117000-7f3340118000 ---p 00000000 00:00 0 
7f3340118000-7f3340218000 rw-p 00000000 00:00 0                          [stack:29113]
7f3340218000-7f3340219000 ---p 00000000 00:00 0 
7f3340219000-7f3340324000 rw-p 00000000 00:00 0                          [stack:29110]
7f3340324000-7f334036c000 rw-p 00000000 00:00 0 
7f334036c000-7f3340377000 rw-p 00000000 00:00 0 
7f3340377000-7f33403bf000 rw-p 00000000 00:00 0 
7f33403bf000-7f33403e9000 rw-p 00000000 00:00 0 
7f33403e9000-7f3340514000 rw-p 00000000 00:00 0 
7f3340514000-7f3340559000 rw-p 00000000 00:00 0 
7f3340559000-7f33405bf000 rw-p 00000000 00:00 0 
7f33405bf000-7f33405c0000 rw-p 00000000 00:00 0 
7f33405c0000-7f3340830000 rwxp 00000000 00:00 0 
7f3340830000-7f33435c0000 rw-p 00000000 00:00 0 
7f33435c0000-7f33435c8000 r-xp 00000000 08:01 530053                     /usr/lib/jvm/java-7-openjdk-amd64/jre/lib/amd64/libzip.so
7f33435c8000-7f33437c7000 ---p 00008000 08:01 530053                     /usr/lib/jvm/java-7-openjdk-amd64/jre/lib/amd64/libzip.so
7f33437c7000-7f33437c8000 r--p 00007000 08:01 530053                     /usr/lib/jvm/java-7-openjdk-amd64/jre/lib/amd64/libzip.so
7f33437c8000-7f33437c9000 rw-p 00008000 08:01 530053                     /usr/lib/jvm/java-7-openjdk-amd64/jre/lib/amd64/libzip.so
7f33437c9000-7f33437d4000 r-xp 00000000 08:01 2884596                    /lib/x86_64-linux-gnu/libnss_files-2.19.so
7f33437d4000-7f33439d3000 ---p 0000b000 08:01 2884596                    /lib/x86_64-linux-gnu/libnss_files-2.19.so
7f33439d3000-7f33439d4000 r--p 0000a000 08:01 2884596                    /lib/x86_64-linux-gnu/libnss_files-2.19.so
7f33439d4000-7f33439d5000 rw-p 0000b000 08:01 2884596                    /lib/x86_64-linux-gnu/libnss_files-2.19.so
7f33439d5000-7f33439df000 r-xp 00000000 08:01 2884598                    /lib/x86_64-linux-gnu/libnss_nis-2.19.so
7f33439df000-7f3343bde000 ---p 0000a000 08:01 2884598                    /lib/x86_64-linux-gnu/libnss_nis-2.19.so
7f3343bde000-7f3343bdf000 r--p 00009000 08:01 2884598                    /lib/x86_64-linux-gnu/libnss_nis-2.19.so
7f3343bdf000-7f3343be0000 rw-p 0000a000 08:01 2884598                    /lib/x86_64-linux-gnu/libnss_nis-2.19.so
7f3343be0000-7f3343bf5000 r-xp 00000000 08:01 2884593                    /lib/x86_64-linux-gnu/libnsl-2.19.so
7f3343bf5000-7f3343df4000 ---p 00015000 08:01 2884593                    /lib/x86_64-linux-gnu/libnsl-2.19.so
7f3343df4000-7f3343df5000 r--p 00014000 08:01 2884593                    /lib/x86_64-linux-gnu/libnsl-2.19.so
7f3343df5000-7f3343df6000 rw-p 00015000 08:01 2884593                    /lib/x86_64-linux-gnu/libnsl-2.19.so
7f3343df6000-7f3343df8000 rw-p 00000000 00:00 0 
7f3343df8000-7f3343dff000 r-xp 00000000 08:01 2884594                    /lib/x86_64-linux-gnu/libnss_compat-2.19.so
7f3343dff000-7f3343ffe000 ---p 00007000 08:01 2884594                    /lib/x86_64-linux-gnu/libnss_compat-2.19.so
7f3343ffe000-7f3343fff000 r--p 00006000 08:01 2884594                    /lib/x86_64-linux-gnu/libnss_compat-2.19.so
7f3343fff000-7f3344000000 rw-p 00007000 08:01 2884594                    /lib/x86_64-linux-gnu/libnss_compat-2.19.so
7f3344000000-7f33441d9000 rw-p 00000000 00:00 0 
7f33441d9000-7f3348000000 ---p 00000000 00:00 0 
7f3348000000-7f3348073000 rw-p 00000000 00:00 0 
7f3348073000-7f334819f000 rw-p 00000000 00:00 0 
7f334819f000-7f33481cc000 r-xp 00000000 08:01 530173                     /usr/lib/jvm/java-7-openjdk-amd64/jre/lib/amd64/libjava.so
7f33481cc000-7f33483cb000 ---p 0002d000 08:01 530173                     /usr/lib/jvm/java-7-openjdk-amd64/jre/lib/amd64/libjava.so
7f33483cb000-7f33483cc000 r--p 0002c000 08:01 530173                     /usr/lib/jvm/java-7-openjdk-amd64/jre/lib/amd64/libjava.so
7f33483cc000-7f33483ce000 rw-p 0002d000 08:01 530173                     /usr/lib/jvm/java-7-openjdk-amd64/jre/lib/amd64/libjava.so
7f33483ce000-7f33483dd000 r-xp 00000000 08:01 530037                     /usr/lib/jvm/java-7-openjdk-amd64/jre/lib/amd64/libverify.so
7f33483dd000-7f33485dc000 ---p 0000f000 08:01 530037                     /usr/lib/jvm/java-7-openjdk-amd64/jre/lib/amd64/libverify.so
7f33485dc000-7f33485df000 r--p 0000e000 08:01 530037                     /usr/lib/jvm/java-7-openjdk-amd64/jre/lib/amd64/libverify.so
7f33485df000-7f33485e0000 rw-p 00011000 08:01 530037                     /usr/lib/jvm/java-7-openjdk-amd64/jre/lib/amd64/libverify.so
7f33485e0000-7f33485e7000 r-xp 00000000 08:01 2884602                    /lib/x86_64-linux-gnu/librt-2.19.so
7f33485e7000-7f33487e6000 ---p 00007000 08:01 2884602                    /lib/x86_64-linux-gnu/librt-2.19.so
7f33487e6000-7f33487e7000 r--p 00006000 08:01 2884602                    /lib/x86_64-linux-gnu/librt-2.19.so
7f33487e7000-7f33487e8000 rw-p 00007000 08:01 2884602                    /lib/x86_64-linux-gnu/librt-2.19.so
7f33487e8000-7f33487fe000 r-xp 00000000 08:01 2883588                    /lib/x86_64-linux-gnu/libgcc_s.so.1
7f33487fe000-7f33489fd000 ---p 00016000 08:01 2883588                    /lib/x86_64-linux-gnu/libgcc_s.so.1
7f33489fd000-7f33489fe000 rw-p 00015000 08:01 2883588                    /lib/x86_64-linux-gnu/libgcc_s.so.1
7f33489fe000-7f3348afe000 r-xp 00000000 08:01 2884591                    /lib/x86_64-linux-gnu/libm-2.19.so
7f3348afe000-7f3348cfd000 ---p 00100000 08:01 2884591                    /lib/x86_64-linux-gnu/libm-2.19.so
7f3348cfd000-7f3348cfe000 r--p 000ff000 08:01 2884591                    /lib/x86_64-linux-gnu/libm-2.19.so
7f3348cfe000-7f3348cff000 rw-p 00100000 08:01 2884591                    /lib/x86_64-linux-gnu/libm-2.19.so
7f3348cff000-7f3348deb000 r-xp 00000000 08:01 398278                     /usr/lib/x86_64-linux-gnu/libstdc++.so.6.0.20
7f3348deb000-7f3348feb000 ---p 000ec000 08:01 398278                     /usr/lib/x86_64-linux-gnu/libstdc++.so.6.0.20
7f3348feb000-7f3348ff3000 r--p 000ec000 08:01 398278                     /usr/lib/x86_64-linux-gnu/libstdc++.so.6.0.20
7f3348ff3000-7f3348ff5000 rw-p 000f4000 08:01 398278                     /usr/lib/x86_64-linux-gnu/libstdc++.so.6.0.20
7f3348ff5000-7f334900a000 rw-p 00000000 00:00 0 
7f334900a000-7f3349b61000 r-xp 00000000 08:01 530081                     /usr/lib/jvm/java-7-openjdk-amd64/jre/lib/amd64/server/libjvm.so
7f3349b61000-7f3349d61000 ---p 00b57000 08:01 530081                     /usr/lib/jvm/java-7-openjdk-amd64/jre/lib/amd64/server/libjvm.so
7f3349d61000-7f3349e00000 r--p 00b57000 08:01 530081                     /usr/lib/jvm/java-7-openjdk-amd64/jre/lib/amd64/server/libjvm.so
7f3349e00000-7f3349e23000 rw-p 00bf6000 08:01 530081                     /usr/lib/jvm/java-7-openjdk-amd64/jre/lib/amd64/server/libjvm.so
7f3349e23000-7f3349e51000 rw-p 00000000 00:00 0 
7f3349e51000-7f3349e6b000 r-xp 00000000 08:01 2883684                    /lib/x86_64-linux-gnu/libz.so.1.2.8
7f3349e6b000-7f334a06a000 ---p 0001a000 08:01 2883684                    /lib/x86_64-linux-gnu/libz.so.1.2.8
7f334a06a000-7f334a06b000 r--p 00019000 08:01 2883684                    /lib/x86_64-linux-gnu/libz.so.1.2.8
7f334a06b000-7f334a06c000 rw-p 0001a000 08:01 2883684                    /lib/x86_64-linux-gnu/libz.so.1.2.8
7f334a06c000-7f334a20e000 r-xp 00000000 08:01 2884582                    /lib/x86_64-linux-gnu/libc-2.19.so
7f334a20e000-7f334a40d000 ---p 001a2000 08:01 2884582                    /lib/x86_64-linux-gnu/libc-2.19.so
7f334a40d000-7f334a411000 r--p 001a1000 08:01 2884582                    /lib/x86_64-linux-gnu/libc-2.19.so
7f334a411000-7f334a413000 rw-p 001a5000 08:01 2884582                    /lib/x86_64-linux-gnu/libc-2.19.so
7f334a413000-7f334a417000 rw-p 00000000 00:00 0 
7f334a417000-7f334a41a000 r-xp 00000000 08:01 2884590                    /lib/x86_64-linux-gnu/libdl-2.19.so
7f334a41a000-7f334a619000 ---p 00003000 08:01 2884590                    /lib/x86_64-linux-gnu/libdl-2.19.so
7f334a619000-7f334a61a000 r--p 00002000 08:01 2884590                    /lib/x86_64-linux-gnu/libdl-2.19.so
7f334a61a000-7f334a61b000 rw-p 00003000 08:01 2884590                    /lib/x86_64-linux-gnu/libdl-2.19.so
7f334a61b000-7f334a628000 r-xp 00000000 08:01 530045                     /usr/lib/jvm/java-7-openjdk-amd64/jre/lib/amd64/jli/libjli.so
7f334a628000-7f334a827000 ---p 0000d000 08:01 530045                     /usr/lib/jvm/java-7-openjdk-amd64/jre/lib/amd64/jli/libjli.so
7f334a827000-7f334a828000 r--p 0000c000 08:01 530045                     /usr/lib/jvm/java-7-openjdk-amd64/jre/lib/amd64/jli/libjli.so
7f334a828000-7f334a829000 rw-p 0000d000 08:01 530045                     /usr/lib/jvm/java-7-openjdk-amd64/jre/lib/amd64/jli/libjli.so
7f334a829000-7f334a841000 r-xp 00000000 08:01 2883878                    /lib/x86_64-linux-gnu/libpthread-2.19.so
7f334a841000-7f334aa40000 ---p 00018000 08:01 2883878                    /lib/x86_64-linux-gnu/libpthread-2.19.so
7f334aa40000-7f334aa41000 r--p 00017000 08:01 2883878                    /lib/x86_64-linux-gnu/libpthread-2.19.so
7f334aa41000-7f334aa42000 rw-p 00018000 08:01 2883878                    /lib/x86_64-linux-gnu/libpthread-2.19.so
7f334aa42000-7f334aa46000 rw-p 00000000 00:00 0 
7f334aa46000-7f334aa66000 r-xp 00000000 08:01 2883880                    /lib/x86_64-linux-gnu/ld-2.19.so
7f334aa66000-7f334aa6a000 r--s 00085000 08:01 530017                     /usr/lib/jvm/java-7-openjdk-amd64/jre/lib/ext/localedata.jar
7f334aa6a000-7f334aa8c000 rw-p 00000000 00:00 0 
7f334aa8c000-7f334ab42000 rw-p 00000000 00:00 0 
7f334ab42000-7f334ab45000 ---p 00000000 00:00 0 
7f334ab45000-7f334ac48000 rw-p 00000000 00:00 0                          [stack:29109]
7f334ac49000-7f334ac4a000 rw-p 00000000 00:00 0 
7f334ac4a000-7f334ac4e000 r--s 0003c000 08:01 530029                     /usr/lib/jvm/java-7-openjdk-amd64/jre/lib/ext/sunpkcs11.jar
7f334ac4e000-7f334ac4f000 r--s 00002000 08:01 530021                     /usr/lib/jvm/java-7-openjdk-amd64/jre/lib/ext/dnsns.jar
7f334ac4f000-7f334ac53000 r--s 00034000 08:01 530033                     /usr/lib/jvm/java-7-openjdk-amd64/jre/lib/ext/sunjce_provider.jar
7f334ac53000-7f334ac56000 r--s 0000f000 08:01 530025                     /usr/lib/jvm/java-7-openjdk-amd64/jre/lib/ext/icedtea-sound.jar
7f334ac56000-7f334ac58000 r--s 00012000 08:01 530013                     /usr/lib/jvm/java-7-openjdk-amd64/jre/lib/ext/zipfs.jar
7f334ac58000-7f334ac5a000 r--s 00006000 08:01 656987                     /usr/share/java/java-atk-wrapper.jar
7f334ac5a000-7f334ac62000 rw-s 00000000 08:01 667202                     /tmp/hsperfdata_baniel/29107
7f334ac62000-7f334ac63000 rw-p 00000000 00:00 0 
7f334ac63000-7f334ac64000 ---p 00000000 00:00 0 
7f334ac64000-7f334ac66000 rw-p 00000000 00:00 0 
7f334ac66000-7f334ac67000 r--p 00020000 08:01 2883880                    /lib/x86_64-linux-gnu/ld-2.19.so
7f334ac67000-7f334ac68000 rw-p 00021000 08:01 2883880                    /lib/x86_64-linux-gnu/ld-2.19.so
7f334ac68000-7f334ac69000 rw-p 00000000 00:00 0 
7ffdfc129000-7ffdfc14a000 rw-p 00000000 00:00 0                          [stack]
7ffdfc1cf000-7ffdfc1d1000 r-xp 00000000 00:00 0                          [vdso]
7ffdfc1d1000-7ffdfc1d3000 r--p 00000000 00:00 0                          [vvar]
ffffffffff600000-ffffffffff601000 r-xp 00000000 00:00 0                  [vsyscall]

VM Arguments:
jvm_args: -Djava.awt.headless=true -Xmx1024M -Dfile.encoding=UTF-8 -Duser.country=US -Duser.language=en -Duser.variant 
java_command: com.android.dx.command.Main --dex --force-jumbo --num-threads=4 --multi-dex --output /media/baniel/bc0cc5aa-0e52-40d8-a05b-365939955998/baniel/AndroidStudioProjects/SensorCollector/app/build/intermediates/transforms/dex/debug/folders/1000/2/protobuf-java-3.0.0-beta-2_e2320c69a1fb6c2242089c660fc1ad563a23785c /media/baniel/bc0cc5aa-0e52-40d8-a05b-365939955998/baniel/AndroidStudioProjects/SensorCollector/app/libs/protobuf-java-3.0.0-beta-2.jar
Launcher Type: SUN_STANDARD

Environment Variables:
PATH=/home/baniel/bin:/usr/local/bin:/usr/bin:/bin:/usr/local/games:/usr/games
LD_LIBRARY_PATH=/home/baniel/UsefulTools/AndroidStudio/android-studio/bin:
SHELL=/bin/bash
DISPLAY=:0

Signal Handlers:
SIGSEGV: [libjvm.so+0x989ea0], sa_mask[0]=0x7ffbfeff, sa_flags=0x10000004
SIGBUS: [libjvm.so+0x989ea0], sa_mask[0]=0x7ffbfeff, sa_flags=0x10000004
SIGFPE: [libjvm.so+0x7f6820], sa_mask[0]=0x7ffbfeff, sa_flags=0x10000004
SIGPIPE: [libjvm.so+0x7f6820], sa_mask[0]=0x7ffbfeff, sa_flags=0x10000004
SIGXFSZ: [libjvm.so+0x7f6820], sa_mask[0]=0x7ffbfeff, sa_flags=0x10000004
SIGILL: [libjvm.so+0x7f6820], sa_mask[0]=0x7ffbfeff, sa_flags=0x10000004
SIGUSR1: SIG_DFL, sa_mask[0]=0x00000000, sa_flags=0x00000000
SIGUSR2: [libjvm.so+0x7f66a0], sa_mask[0]=0x00000004, sa_flags=0x10000004
SIGHUP: [libjvm.so+0x7f68a0], sa_mask[0]=0x7ffbfeff, sa_flags=0x10000004
SIGINT: [libjvm.so+0x7f68a0], sa_mask[0]=0x7ffbfeff, sa_flags=0x10000004
SIGTERM: [libjvm.so+0x7f68a0], sa_mask[0]=0x7ffbfeff, sa_flags=0x10000004
SIGQUIT: [libjvm.so+0x7f68a0], sa_mask[0]=0x7ffbfeff, sa_flags=0x10000004
SIGTRAP: SIG_DFL, sa_mask[0]=0x00000000, sa_flags=0x00000000


---------------  S Y S T E M  ---------------

OS:8.4

uname:Linux 3.16.0-4-amd64 #1 SMP Debian 3.16.7-ckt25-2 (2016-04-08) x86_64
libc:glibc 2.19 NPTL 2.19 
rlimit: STACK 8192k, CORE 0k, NPROC 31646, NOFILE 65536, AS infinity
load average:6.43 2.43 1.28

/proc/meminfo:
MemTotal:        8118512 kB
MemFree:          135988 kB
MemAvailable:      93532 kB
Buffers:            1084 kB
Cached:           297780 kB
SwapCached:            0 kB
Active:          7426692 kB
Inactive:         274456 kB
Active(anon):    7405376 kB
Inactive(anon):   253976 kB
Active(file):      21316 kB
Inactive(file):    20480 kB
Unevictable:          32 kB
Mlocked:              32 kB
SwapTotal:             0 kB
SwapFree:              0 kB
Dirty:               116 kB
Writeback:             0 kB
AnonPages:       7403624 kB
Mapped:           321216 kB
Shmem:            256252 kB
Slab:              95648 kB
SReclaimable:      42228 kB
SUnreclaim:        53420 kB
KernelStack:       15712 kB
PageTables:        79400 kB
NFS_Unstable:          0 kB
Bounce:                0 kB
WritebackTmp:          0 kB
CommitLimit:     4059256 kB
Committed_AS:   15218428 kB
VmallocTotal:   34359738367 kB
VmallocUsed:      118728 kB
VmallocChunk:   34359617020 kB
HardwareCorrupted:     0 kB
AnonHugePages:         0 kB
HugePages_Total:       0
HugePages_Free:        0
HugePages_Rsvd:        0
HugePages_Surp:        0
Hugepagesize:       2048 kB
DirectMap4k:     1496084 kB
DirectMap2M:     6815744 kB
DirectMap1G:           0 kB


CPU:total 8 (4 cores per cpu, 2 threads per core) family 6 model 60 stepping 3, cmov, cx8, fxsr, mmx, sse, sse2, sse3, ssse3, sse4.1, sse4.2, popcnt, avx, avx2, aes, erms, ht, tsc, tscinvbit

/proc/cpuinfo:
processor	: 0
vendor_id	: GenuineIntel
cpu family	: 6
model		: 60
model name	: Intel(R) Core(TM) i7-4770 CPU @ 3.40GHz
stepping	: 3
microcode	: 0x17
cpu MHz		: 3700.023
cache size	: 8192 KB
physical id	: 0
siblings	: 8
core id		: 0
cpu cores	: 4
apicid		: 0
initial apicid	: 0
fpu		: yes
fpu_exception	: yes
cpuid level	: 13
wp		: yes
flags		: fpu vme de pse tsc msr pae mce cx8 apic sep mtrr pge mca cmov pat pse36 clflush dts acpi mmx fxsr sse sse2 ss ht tm pbe syscall nx pdpe1gb rdtscp lm constant_tsc arch_perfmon pebs bts rep_good nopl xtopology nonstop_tsc aperfmperf eagerfpu pni pclmulqdq dtes64 monitor ds_cpl vmx smx est tm2 ssse3 fma cx16 xtpr pdcm pcid sse4_1 sse4_2 x2apic movbe popcnt tsc_deadline_timer aes xsave avx f16c rdrand lahf_lm abm ida arat epb xsaveopt pln pts dtherm tpr_shadow vnmi flexpriority ept vpid fsgsbase tsc_adjust bmi1 hle avx2 smep bmi2 erms invpcid rtm
bogomips	: 6784.20
clflush size	: 64
cache_alignment	: 64
address sizes	: 39 bits physical, 48 bits virtual
power management:

processor	: 1
vendor_id	: GenuineIntel
cpu family	: 6
model		: 60
model name	: Intel(R) Core(TM) i7-4770 CPU @ 3.40GHz
stepping	: 3
microcode	: 0x17
cpu MHz		: 3700.023
cache size	: 8192 KB
physical id	: 0
siblings	: 8
core id		: 1
cpu cores	: 4
apicid		: 2
initial apicid	: 2
fpu		: yes
fpu_exception	: yes
cpuid level	: 13
wp		: yes
flags		: fpu vme de pse tsc msr pae mce cx8 apic sep mtrr pge mca cmov pat pse36 clflush dts acpi mmx fxsr sse sse2 ss ht tm pbe syscall nx pdpe1gb rdtscp lm constant_tsc arch_perfmon pebs bts rep_good nopl xtopology nonstop_tsc aperfmperf eagerfpu pni pclmulqdq dtes64 monitor ds_cpl vmx smx est tm2 ssse3 fma cx16 xtpr pdcm pcid sse4_1 sse4_2 x2apic movbe popcnt tsc_deadline_timer aes xsave avx f16c rdrand lahf_lm abm ida arat epb xsaveopt pln pts dtherm tpr_shadow vnmi flexpriority ept vpid fsgsbase tsc_adjust bmi1 hle avx2 smep bmi2 erms invpcid rtm
bogomips	: 6784.20
clflush size	: 64
cache_alignment	: 64
address sizes	: 39 bits physical, 48 bits virtual
power management:

processor	: 2
vendor_id	: GenuineIntel
cpu family	: 6
model		: 60
model name	: Intel(R) Core(TM) i7-4770 CPU @ 3.40GHz
stepping	: 3
microcode	: 0x17
cpu MHz		: 3700.023
cache size	: 8192 KB
physical id	: 0
siblings	: 8
core id		: 2
cpu cores	: 4
apicid		: 4
initial apicid	: 4
fpu		: yes
fpu_exception	: yes
cpuid level	: 13
wp		: yes
flags		: fpu vme de pse tsc msr pae mce cx8 apic sep mtrr pge mca cmov pat pse36 clflush dts acpi mmx fxsr sse sse2 ss ht tm pbe syscall nx pdpe1gb rdtscp lm constant_tsc arch_perfmon pebs bts rep_good nopl xtopology nonstop_tsc aperfmperf eagerfpu pni pclmulqdq dtes64 monitor ds_cpl vmx smx est tm2 ssse3 fma cx16 xtpr pdcm pcid sse4_1 sse4_2 x2apic movbe popcnt tsc_deadline_timer aes xsave avx f16c rdrand lahf_lm abm ida arat epb xsaveopt pln pts dtherm tpr_shadow vnmi flexpriority ept vpid fsgsbase tsc_adjust bmi1 hle avx2 smep bmi2 erms invpcid rtm
bogomips	: 6784.20
clflush size	: 64
cache_alignment	: 64
address sizes	: 39 bits physical, 48 bits virtual
power management:

processor	: 3
vendor_id	: GenuineIntel
cpu family	: 6
model		: 60
model name	: Intel(R) Core(TM) i7-4770 CPU @ 3.40GHz
stepping	: 3
microcode	: 0x17
cpu MHz		: 3700.023
cache size	: 8192 KB
physical id	: 0
siblings	: 8
core id		: 3
cpu cores	: 4
apicid		: 6
initial apicid	: 6
fpu		: yes
fpu_exception	: yes
cpuid level	: 13
wp		: yes
flags		: fpu vme de pse tsc msr pae mce cx8 apic sep mtrr pge mca cmov pat pse36 clflush dts acpi mmx fxsr sse sse2 ss ht tm pbe syscall nx pdpe1gb rdtscp lm constant_tsc arch_perfmon pebs bts rep_good nopl xtopology nonstop_tsc aperfmperf eagerfpu pni pclmulqdq dtes64 monitor ds_cpl vmx smx est tm2 ssse3 fma cx16 xtpr pdcm pcid sse4_1 sse4_2 x2apic movbe popcnt tsc_deadline_timer aes xsave avx f16c rdrand lahf_lm abm ida arat epb xsaveopt pln pts dtherm tpr_shadow vnmi flexpriority ept vpid fsgsbase tsc_adjust bmi1 hle avx2 smep bmi2 erms invpcid rtm
bogomips	: 6784.20
clflush size	: 64
cache_alignment	: 64
address sizes	: 39 bits physical, 48 bits virtual
power management:

processor	: 4
vendor_id	: GenuineIntel
cpu family	: 6
model		: 60
model name	: Intel(R) Core(TM) i7-4770 CPU @ 3.40GHz
stepping	: 3
microcode	: 0x17
cpu MHz		: 3700.023
cache size	: 8192 KB
physical id	: 0
siblings	: 8
core id		: 0
cpu cores	: 4
apicid		: 1
initial apicid	: 1
fpu		: yes
fpu_exception	: yes
cpuid level	: 13
wp		: yes
flags		: fpu vme de pse tsc msr pae mce cx8 apic sep mtrr pge mca cmov pat pse36 clflush dts acpi mmx fxsr sse sse2 ss ht tm pbe syscall nx pdpe1gb rdtscp lm constant_tsc arch_perfmon pebs bts rep_good nopl xtopology nonstop_tsc aperfmperf eagerfpu pni pclmulqdq dtes64 monitor ds_cpl vmx smx est tm2 ssse3 fma cx16 xtpr pdcm pcid sse4_1 sse4_2 x2apic movbe popcnt tsc_deadline_timer aes xsave avx f16c rdrand lahf_lm abm ida arat epb xsaveopt pln pts dtherm tpr_shadow vnmi flexpriority ept vpid fsgsbase tsc_adjust bmi1 hle avx2 smep bmi2 erms invpcid rtm
bogomips	: 6784.20
clflush size	: 64
cache_alignment	: 64
address sizes	: 39 bits physical, 48 bits virtual
power management:

processor	: 5
vendor_id	: GenuineIntel
cpu family	: 6
model		: 60
model name	: Intel(R) Core(TM) i7-4770 CPU @ 3.40GHz
stepping	: 3
microcode	: 0x17
cpu MHz		: 3700.023
cache size	: 8192 KB
physical id	: 0
siblings	: 8
core id		: 1
cpu cores	: 4
apicid		: 3
initial apicid	: 3
fpu		: yes
fpu_exception	: yes
cpuid level	: 13
wp		: yes
flags		: fpu vme de pse tsc msr pae mce cx8 apic sep mtrr pge mca cmov pat pse36 clflush dts acpi mmx fxsr sse sse2 ss ht tm pbe syscall nx pdpe1gb rdtscp lm constant_tsc arch_perfmon pebs bts rep_good nopl xtopology nonstop_tsc aperfmperf eagerfpu pni pclmulqdq dtes64 monitor ds_cpl vmx smx est tm2 ssse3 fma cx16 xtpr pdcm pcid sse4_1 sse4_2 x2apic movbe popcnt tsc_deadline_timer aes xsave avx f16c rdrand lahf_lm abm ida arat epb xsaveopt pln pts dtherm tpr_shadow vnmi flexpriority ept vpid fsgsbase tsc_adjust bmi1 hle avx2 smep bmi2 erms invpcid rtm
bogomips	: 6784.20
clflush size	: 64
cache_alignment	: 64
address sizes	: 39 bits physical, 48 bits virtual
power management:

processor	: 6
vendor_id	: GenuineIntel
cpu family	: 6
model		: 60
model name	: Intel(R) Core(TM) i7-4770 CPU @ 3.40GHz
stepping	: 3
microcode	: 0x17
cpu MHz		: 3699.226
cache size	: 8192 KB
physical id	: 0
siblings	: 8
core id		: 2
cpu cores	: 4
apicid		: 5
initial apicid	: 5
fpu		: yes
fpu_exception	: yes
cpuid level	: 13
wp		: yes
flags		: fpu vme de pse tsc msr pae mce cx8 apic sep mtrr pge mca cmov pat pse36 clflush dts acpi mmx fxsr sse sse2 ss ht tm pbe syscall nx pdpe1gb rdtscp lm constant_tsc arch_perfmon pebs bts rep_good nopl xtopology nonstop_tsc aperfmperf eagerfpu pni pclmulqdq dtes64 monitor ds_cpl vmx smx est tm2 ssse3 fma cx16 xtpr pdcm pcid sse4_1 sse4_2 x2apic movbe popcnt tsc_deadline_timer aes xsave avx f16c rdrand lahf_lm abm ida arat epb xsaveopt pln pts dtherm tpr_shadow vnmi flexpriority ept vpid fsgsbase tsc_adjust bmi1 hle avx2 smep bmi2 erms invpcid rtm
bogomips	: 6784.20
clflush size	: 64
cache_alignment	: 64
address sizes	: 39 bits physical, 48 bits virtual
power management:

processor	: 7
vendor_id	: GenuineIntel
cpu family	: 6
model		: 60
model name	: Intel(R) Core(TM) i7-4770 CPU @ 3.40GHz
stepping	: 3
microcode	: 0x17
cpu MHz		: 3700.023
cache size	: 8192 KB
physical id	: 0
siblings	: 8
core id		: 3
cpu cores	: 4
apicid		: 7
initial apicid	: 7
fpu		: yes
fpu_exception	: yes
cpuid level	: 13
wp		: yes
flags		: fpu vme de pse tsc msr pae mce cx8 apic sep mtrr pge mca cmov pat pse36 clflush dts acpi mmx fxsr sse sse2 ss ht tm pbe syscall nx pdpe1gb rdtscp lm constant_tsc arch_perfmon pebs bts rep_good nopl xtopology nonstop_tsc aperfmperf eagerfpu pni pclmulqdq dtes64 monitor ds_cpl vmx smx est tm2 ssse3 fma cx16 xtpr pdcm pcid sse4_1 sse4_2 x2apic movbe popcnt tsc_deadline_timer aes xsave avx f16c rdrand lahf_lm abm ida arat epb xsaveopt pln pts dtherm tpr_shadow vnmi flexpriority ept vpid fsgsbase tsc_adjust bmi1 hle avx2 smep bmi2 erms invpcid rtm
bogomips	: 6784.20
clflush size	: 64
cache_alignment	: 64
address sizes	: 39 bits physical, 48 bits virtual
power management:



Memory: 4k page, physical 8118512k(135988k free), swap 0k(0k free)

vm_info: OpenJDK 64-Bit Server VM (24.95-b01) for linux-amd64 JRE (1.7.0_101-b00), built on Apr 25 2016 09:53:23 by "jmm" with gcc 4.9.2

time: Thu May 12 13:56:05 2016
elapsed time: 6 seconds

